14:13:09,402 root INFO Command run: main.py --genimages --input=data/test/
14:13:09,402 root INFO Starting the GitHub repository pipeline...
14:13:09,404 root INFO Starting controller...
14:13:09,406 root INFO Generating Docker Images...
14:13:09,438 root INFO Commits found 1
14:13:09,439 root INFO Available CPUs: [0, 1, 2, 3, 4, 5, 6, 7]
14:13:09,439 root INFO CPU pinning sets: ['0']
14:13:10,95 root INFO Cloning repository https://github.com/ccache/ccache.git for commit 445af8a6d7c1865e86d988839b261de54c4833b7 into /mnt/c/Data/Master/opt-repo-cpp/data/tmp/ccache_ccache_445af8a6d7c1865e86d988839b261de54c4833b7/new
14:13:43,814 root INFO Repository checked out to commit 445af8a6d7c1865e86d988839b261de54c4833b7 successfully
14:13:43,814 root INFO [ccache/ccache:445af8a6d7c1865e86d988839b261de54c4833b7] Testing...
14:13:44,285 root INFO [ccache/ccache:445af8a6d7c1865e86d988839b261de54c4833b7] CMakeLists.txt at root found
14:13:44,969 root INFO [ccache/ccache:445af8a6d7c1865e86d988839b261de54c4833b7] ctest is defined
14:13:48,702 root WARNING [ccache/ccache:445af8a6d7c1865e86d988839b261de54c4833b7] multiple paths to enable_testing() was found in /mnt/c/Data/Master/opt-repo-cpp/data/tmp/ccache_ccache_445af8a6d7c1865e86d988839b261de54c4833b7/new. For testing: /mnt/c/Data/Master/opt-repo-cpp/data/tmp/ccache_ccache_445af8a6d7c1865e86d988839b261de54c4833b7/new/CMakeLists.txt
14:13:48,703 root INFO [ccache/ccache:445af8a6d7c1865e86d988839b261de54c4833b7] path to enable_testing(): '.'
14:13:48,731 root INFO cmake_minimum_required found: 3.15
14:13:48,732 root INFO Started Docker Image: cpp24
14:13:48,778 root INFO Run docker image (cpp24) mounted on /mnt/c/Data/Master/opt-repo-cpp/data/tmp/ccache_ccache_445af8a6d7c1865e86d988839b261de54c4833b7.
14:13:54,193 root INFO Command run in docker: ['cp', '-r', '/workspace', '/test_workspace']
14:13:54,413 root INFO Files copied into docker: cp -r /workspace /test_workspace
14:13:54,414 root INFO stdout: 3568 ms

14:13:54,414 root INFO [Attempt 1/10] Configuring project at /mnt/c/Data/Master/opt-repo-cpp/data/tmp/ccache_ccache_445af8a6d7c1865e86d988839b261de54c4833b7/new
14:13:54,784 root INFO Command run in docker: ['rm', '-rf', '/test_workspace/workspace/new/build']
14:13:54,977 root INFO cmake -S /test_workspace/workspace/new -B /test_workspace/workspace/new/build -DCMAKE_BUILD_TYPE=Debug -DCMAKE_EXPORT_COMPILE_COMMANDS=ON -DENABLE_TESTING=ON
14:14:07,703 root INFO Command run in docker: ['cmake', '-S', '/test_workspace/workspace/new', '-B', '/test_workspace/workspace/new/build', '-DCMAKE_BUILD_TYPE=Debug', '-DCMAKE_EXPORT_COMPILE_COMMANDS=ON', '-DENABLE_TESTING=ON']
14:14:07,884 root INFO CMake Configuration successful for /test_workspace/workspace/new/build
14:14:07,885 root INFO cmake --build /test_workspace/workspace/new/build -- -j 1
14:17:17,664 root INFO Command run in docker: ['cmake', '--build', '/test_workspace/workspace/new/build', '--', '-j', '1']
14:17:17,851 root INFO CMake build completed for /mnt/c/Data/Master/opt-repo-cpp/data/tmp/ccache_ccache_445af8a6d7c1865e86d988839b261de54c4833b7/new
14:17:18,183 root INFO Command run in docker: ['ctest', '--help']
14:17:18,696 root INFO Command run in docker: ['ctest', '-N']
14:17:18,858 root INFO Test commands: []
14:17:18,859 root INFO [ccache/ccache:445af8a6d7c1865e86d988839b261de54c4833b7] New build successful
14:17:18,862 root INFO Cloning repository https://github.com/ccache/ccache.git for commit 2bb433cb998bec97d558771107ca1a48719ec7d1 into /mnt/c/Data/Master/opt-repo-cpp/data/tmp/ccache_ccache_445af8a6d7c1865e86d988839b261de54c4833b7/old
14:17:47,812 root INFO Repository checked out to commit 2bb433cb998bec97d558771107ca1a48719ec7d1 successfully
14:17:47,813 root INFO [ccache/ccache:2bb433cb998bec97d558771107ca1a48719ec7d1] Testing...
14:17:48,235 root INFO [ccache/ccache:2bb433cb998bec97d558771107ca1a48719ec7d1] CMakeLists.txt at root found
14:17:48,869 root INFO [ccache/ccache:2bb433cb998bec97d558771107ca1a48719ec7d1] ctest is defined
14:17:48,944 root WARNING [ccache/ccache:2bb433cb998bec97d558771107ca1a48719ec7d1] multiple paths to enable_testing() was found in /mnt/c/Data/Master/opt-repo-cpp/data/tmp/ccache_ccache_445af8a6d7c1865e86d988839b261de54c4833b7/old. For testing: /mnt/c/Data/Master/opt-repo-cpp/data/tmp/ccache_ccache_445af8a6d7c1865e86d988839b261de54c4833b7/old/CMakeLists.txt
14:17:48,946 root INFO [ccache/ccache:2bb433cb998bec97d558771107ca1a48719ec7d1] path to enable_testing(): '.'
14:17:48,985 root INFO cmake_minimum_required found: 3.15
14:17:48,986 root INFO Started Docker Image: cpp24
14:17:49,38 root INFO Run docker image (cpp24) mounted on /mnt/c/Data/Master/opt-repo-cpp/data/tmp/ccache_ccache_445af8a6d7c1865e86d988839b261de54c4833b7.
14:17:49,57 root ERROR Docker execution failed: 409 Client Error for http+docker://localhost/v1.51/containers/create?name=ccache_ccache_445af8a6d7c1865e86d988839b261de54c4833b7: Conflict ("Conflict. The container name "/ccache_ccache_445af8a6d7c1865e86d988839b261de54c4833b7" is already in use by container "a689dda32733a5ea190c257587819a87954ebf78f67941a19d850251d3ba235a". You have to remove (or rename) that container to be able to reuse that name.")
14:17:56,694 root INFO Command run in docker: ['cp', '-r', '/workspace', '/test_workspace']
14:17:56,906 root INFO Files copied into docker: cp -r /workspace /test_workspace
14:17:56,908 root INFO stdout: 7289 ms

14:17:56,909 root INFO [Attempt 1/10] Configuring project at /mnt/c/Data/Master/opt-repo-cpp/data/tmp/ccache_ccache_445af8a6d7c1865e86d988839b261de54c4833b7/old
14:17:57,230 root INFO Command run in docker: ['rm', '-rf', '/test_workspace/workspace/old/build']
14:17:57,432 root INFO cmake -S /test_workspace/workspace/old -B /test_workspace/workspace/old/build -DCMAKE_BUILD_TYPE=Debug -DCMAKE_EXPORT_COMPILE_COMMANDS=ON -DENABLE_TESTING=ON
14:18:08,791 root INFO Command run in docker: ['cmake', '-S', '/test_workspace/workspace/old', '-B', '/test_workspace/workspace/old/build', '-DCMAKE_BUILD_TYPE=Debug', '-DCMAKE_EXPORT_COMPILE_COMMANDS=ON', '-DENABLE_TESTING=ON']
14:18:08,959 root INFO CMake Configuration successful for /test_workspace/workspace/old/build
14:18:08,960 root INFO cmake --build /test_workspace/workspace/old/build -- -j 1
14:21:33,711 root INFO Command run in docker: ['cmake', '--build', '/test_workspace/workspace/old/build', '--', '-j', '1']
14:21:33,931 root INFO CMake build completed for /mnt/c/Data/Master/opt-repo-cpp/data/tmp/ccache_ccache_445af8a6d7c1865e86d988839b261de54c4833b7/old
14:21:34,352 root INFO Command run in docker: ['ctest', '--help']
14:21:35,120 root INFO Command run in docker: ['ctest', '-N']
14:21:35,373 root INFO Test commands: []
14:21:35,374 root INFO [ccache/ccache:2bb433cb998bec97d558771107ca1a48719ec7d1] Old build successful
14:21:35,994 root INFO Copied log file to a689dda32733a5ea190c257587819a87954ebf78f67941a19d850251d3ba235a:/test_workspace/logs/full.log
14:21:36,106 root INFO Copied log file to a689dda32733a5ea190c257587819a87954ebf78f67941a19d850251d3ba235a:/test_workspace/logs/config.log
14:21:36,257 root INFO Copied log file to a689dda32733a5ea190c257587819a87954ebf78f67941a19d850251d3ba235a:/test_workspace/logs/build.log
14:21:36,398 root INFO Copied log file to a689dda32733a5ea190c257587819a87954ebf78f67941a19d850251d3ba235a:/test_workspace/logs/test.log
14:21:36,569 root INFO Copied log file to a689dda32733a5ea190c257587819a87954ebf78f67941a19d850251d3ba235a:/test_workspace/logs/results.json
14:21:42,652 root INFO Command run in docker: ['apt-get', 'autoremove', '-y']
14:21:43,355 root INFO Command run in docker: ['apt-get', 'autoclean', '-y']
14:21:43,927 root INFO Command run in docker: ['apt-get', 'clean']
14:21:44,433 root INFO Command run in docker: ['rm', '-rf', '/var/lib/apt/lists/*']
14:21:45,19 root INFO Command run in docker: ['rm', '-rf', '/tmp/*']
14:21:45,577 root INFO Command run in docker: ['rm', '-rf', '/root/.cache']
14:21:46,134 root INFO Command run in docker: ['rm', '-rf', '/home/*/.cache']
14:21:54,14 root INFO [ccache/ccache:445af8a6d7c1865e86d988839b261de54c4833b7] Docker image saved.
14:22:08,354 root INFO [ccache/ccache] Stopped the container
14:22:08,448 root INFO Docker images generated.
14:22:08,450 root INFO Controller execution completed.
14:22:08,451 root INFO Pipeline finished successfully.
