12:49:59,681 root INFO Command run: main.py --genimages --input=data/test/
12:49:59,683 root INFO Starting the GitHub repository pipeline...
12:49:59,686 root INFO Starting controller...
12:49:59,686 root INFO Generating Docker Images...
12:49:59,724 root INFO Commits found 1
12:49:59,725 root INFO Available CPUs: [0, 1, 2, 3, 4, 5, 6, 7]
12:49:59,725 root INFO CPU pinning sets: ['0']
12:50:00,350 root INFO Cloning repository https://github.com/ccache/ccache.git for commit 445af8a6d7c1865e86d988839b261de54c4833b7 into /mnt/c/Data/Master/opt-repo-cpp/data/tmp/ccache_ccache_445af8a6d7c1865e86d988839b261de54c4833b7/new
12:50:28,621 root INFO Repository checked out to commit 445af8a6d7c1865e86d988839b261de54c4833b7 successfully
12:50:28,623 root INFO [ccache/ccache:445af8a6d7c1865e86d988839b261de54c4833b7] Testing...
12:50:28,975 root INFO [ccache/ccache:445af8a6d7c1865e86d988839b261de54c4833b7] CMakeLists.txt at root found
12:50:29,559 root INFO [ccache/ccache:445af8a6d7c1865e86d988839b261de54c4833b7] ctest is defined
12:50:31,258 root WARNING [ccache/ccache:445af8a6d7c1865e86d988839b261de54c4833b7] multiple paths to enable_testing() was found in /mnt/c/Data/Master/opt-repo-cpp/data/tmp/ccache_ccache_445af8a6d7c1865e86d988839b261de54c4833b7/new. For testing: /mnt/c/Data/Master/opt-repo-cpp/data/tmp/ccache_ccache_445af8a6d7c1865e86d988839b261de54c4833b7/new/CMakeLists.txt
12:50:31,260 root INFO [ccache/ccache:445af8a6d7c1865e86d988839b261de54c4833b7] path to enable_testing(): '.'
12:50:31,286 root INFO cmake_minimum_required found: 3.15
12:50:31,287 root INFO Started Docker Image: cpp24
12:50:31,337 root INFO Run docker image (cpp24) mounted on /mnt/c/Data/Master/opt-repo-cpp/data/tmp/ccache_ccache_445af8a6d7c1865e86d988839b261de54c4833b7.
12:50:37,295 root INFO Command run in docker: ['cp', '-r', '/workspace', '/test_workspace']
12:50:37,489 root INFO Files copied into docker: cp -r /workspace /test_workspace
12:50:37,490 root INFO stdout: 4599 ms

12:50:37,491 root INFO [Attempt 1/10] Configuring project at /mnt/c/Data/Master/opt-repo-cpp/data/tmp/ccache_ccache_445af8a6d7c1865e86d988839b261de54c4833b7/new
12:50:37,741 root INFO Command run in docker: ['rm', '-rf', '/test_workspace/workspace/new/build']
12:50:37,866 root INFO cmake -S /test_workspace/workspace/new -B /test_workspace/workspace/new/build -DCMAKE_BUILD_TYPE=Debug -DCMAKE_EXPORT_COMPILE_COMMANDS=ON -DENABLE_TESTING=ON
12:50:48,342 root INFO Command run in docker: ['cmake', '-S', '/test_workspace/workspace/new', '-B', '/test_workspace/workspace/new/build', '-DCMAKE_BUILD_TYPE=Debug', '-DCMAKE_EXPORT_COMPILE_COMMANDS=ON', '-DENABLE_TESTING=ON']
12:50:48,515 root INFO CMake Configuration successful for /test_workspace/workspace/new/build
12:50:48,516 root INFO cmake --build /test_workspace/workspace/new/build -- -j 1
12:52:52,294 root INFO Command run in docker: ['cmake', '--build', '/test_workspace/workspace/new/build', '--', '-j', '1']
12:52:52,456 root INFO CMake build completed for /mnt/c/Data/Master/opt-repo-cpp/data/tmp/ccache_ccache_445af8a6d7c1865e86d988839b261de54c4833b7/new
12:52:52,945 root INFO Command run in docker: ['ctest', '--help']
12:52:53,504 root INFO Command run in docker: ['ctest', '-N']
12:52:53,702 root INFO Test commands: []
12:52:53,703 root INFO [ccache/ccache:445af8a6d7c1865e86d988839b261de54c4833b7] New build successful
12:52:53,707 root INFO Cloning repository https://github.com/ccache/ccache.git for commit 2bb433cb998bec97d558771107ca1a48719ec7d1 into /mnt/c/Data/Master/opt-repo-cpp/data/tmp/ccache_ccache_445af8a6d7c1865e86d988839b261de54c4833b7/old
12:53:20,218 root INFO Repository checked out to commit 2bb433cb998bec97d558771107ca1a48719ec7d1 successfully
12:53:20,219 root INFO [ccache/ccache:2bb433cb998bec97d558771107ca1a48719ec7d1] Testing...
12:53:20,661 root INFO [ccache/ccache:2bb433cb998bec97d558771107ca1a48719ec7d1] CMakeLists.txt at root found
12:53:21,153 root INFO [ccache/ccache:2bb433cb998bec97d558771107ca1a48719ec7d1] ctest is defined
12:53:21,254 root WARNING [ccache/ccache:2bb433cb998bec97d558771107ca1a48719ec7d1] multiple paths to enable_testing() was found in /mnt/c/Data/Master/opt-repo-cpp/data/tmp/ccache_ccache_445af8a6d7c1865e86d988839b261de54c4833b7/old. For testing: /mnt/c/Data/Master/opt-repo-cpp/data/tmp/ccache_ccache_445af8a6d7c1865e86d988839b261de54c4833b7/old/CMakeLists.txt
12:53:21,256 root INFO [ccache/ccache:2bb433cb998bec97d558771107ca1a48719ec7d1] path to enable_testing(): '.'
12:53:21,285 root INFO cmake_minimum_required found: 3.15
12:53:21,286 root INFO Started Docker Image: cpp24
12:53:21,329 root INFO Run docker image (cpp24) mounted on /mnt/c/Data/Master/opt-repo-cpp/data/tmp/ccache_ccache_445af8a6d7c1865e86d988839b261de54c4833b7.
12:53:21,342 root ERROR Docker execution failed: 409 Client Error for http+docker://localhost/v1.51/containers/create?name=ccache_ccache_445af8a6d7c1865e86d988839b261de54c4833b7: Conflict ("Conflict. The container name "/ccache_ccache_445af8a6d7c1865e86d988839b261de54c4833b7" is already in use by container "4ae94ef029fce1c9e60dd65a536d21a9f33575c652fe6c7155daa8e7e8ff697d". You have to remove (or rename) that container to be able to reuse that name.")
12:53:31,297 root INFO Command run in docker: ['cp', '-r', '/workspace', '/test_workspace']
12:53:31,436 root INFO Files copied into docker: cp -r /workspace /test_workspace
12:53:31,437 root INFO stdout: 9703 ms

12:53:31,438 root INFO [Attempt 1/10] Configuring project at /mnt/c/Data/Master/opt-repo-cpp/data/tmp/ccache_ccache_445af8a6d7c1865e86d988839b261de54c4833b7/old
12:53:31,657 root INFO Command run in docker: ['rm', '-rf', '/test_workspace/workspace/old/build']
12:53:31,803 root INFO cmake -S /test_workspace/workspace/old -B /test_workspace/workspace/old/build -DCMAKE_BUILD_TYPE=Debug -DCMAKE_EXPORT_COMPILE_COMMANDS=ON -DENABLE_TESTING=ON
12:53:40,857 root INFO Command run in docker: ['cmake', '-S', '/test_workspace/workspace/old', '-B', '/test_workspace/workspace/old/build', '-DCMAKE_BUILD_TYPE=Debug', '-DCMAKE_EXPORT_COMPILE_COMMANDS=ON', '-DENABLE_TESTING=ON']
12:53:41,118 root INFO CMake Configuration successful for /test_workspace/workspace/old/build
12:53:41,120 root INFO cmake --build /test_workspace/workspace/old/build -- -j 1
12:55:46,422 root INFO Command run in docker: ['cmake', '--build', '/test_workspace/workspace/old/build', '--', '-j', '1']
12:55:46,633 root INFO CMake build completed for /mnt/c/Data/Master/opt-repo-cpp/data/tmp/ccache_ccache_445af8a6d7c1865e86d988839b261de54c4833b7/old
12:55:46,982 root INFO Command run in docker: ['ctest', '--help']
12:55:47,458 root INFO Command run in docker: ['ctest', '-N']
12:55:47,705 root INFO Test commands: []
12:55:47,705 root INFO [ccache/ccache:2bb433cb998bec97d558771107ca1a48719ec7d1] Old build successful
12:55:48,49 root INFO Copied log file to 4ae94ef029fce1c9e60dd65a536d21a9f33575c652fe6c7155daa8e7e8ff697d:/test_workspace/logs/full.log
12:55:48,150 root INFO Copied log file to 4ae94ef029fce1c9e60dd65a536d21a9f33575c652fe6c7155daa8e7e8ff697d:/test_workspace/logs/config.log
12:55:48,225 root INFO Copied log file to 4ae94ef029fce1c9e60dd65a536d21a9f33575c652fe6c7155daa8e7e8ff697d:/test_workspace/logs/build.log
12:55:48,298 root INFO Copied log file to 4ae94ef029fce1c9e60dd65a536d21a9f33575c652fe6c7155daa8e7e8ff697d:/test_workspace/logs/test.log
12:55:48,421 root INFO Copied log file to 4ae94ef029fce1c9e60dd65a536d21a9f33575c652fe6c7155daa8e7e8ff697d:/test_workspace/logs/results.json
12:55:54,353 root INFO Command run in docker: ['apt-get', 'autoremove', '-y']
12:55:54,993 root INFO Command run in docker: ['apt-get', 'autoclean', '-y']
12:55:55,478 root INFO Command run in docker: ['apt-get', 'clean']
12:55:55,982 root INFO Command run in docker: ['rm', '-rf', '/var/lib/apt/lists/*']
12:55:56,594 root INFO Command run in docker: ['rm', '-rf', '/tmp/*']
12:55:57,231 root INFO Command run in docker: ['rm', '-rf', '/root/.cache']
12:55:57,784 root INFO Command run in docker: ['rm', '-rf', '/home/*/.cache']
12:56:03,613 root INFO [ccache/ccache:445af8a6d7c1865e86d988839b261de54c4833b7] Docker image saved.
12:56:16,790 root INFO [ccache/ccache] Stopped the container
12:56:16,821 root INFO Docker images generated.
12:56:16,822 root INFO Controller execution completed.
12:56:16,823 root INFO Pipeline finished successfully.
