12:30:48,59 root INFO Command run: main.py --testcommits --input=data/test/test_commits.txt --noimage
12:30:48,60 root INFO Starting the GitHub repository pipeline...
12:30:48,66 root INFO Starting controller...
12:30:48,68 root INFO Testing commits...
12:30:48,105 root INFO Commits found 2
12:30:48,106 root INFO Available CPUs: [0, 1, 2, 3, 4, 5, 6, 7]
12:30:48,106 root INFO CPU pinning sets: ['0']
12:30:48,873 root INFO Cloning repository https://github.com/gabime/spdlog.git for commit 6d8efa8d7f5083eba96fc39a24357c97fca744a6 into /mnt/c/Data/Master/opt-repo-cpp/data/tmp/gabime_spdlog_6d8efa8d7f5083eba96fc39a24357c97fca744a6/new
12:31:14,680 root INFO Repository checked out to commit 6d8efa8d7f5083eba96fc39a24357c97fca744a6 successfully
12:31:14,682 root INFO [gabime/spdlog:6d8efa8d7f5083eba96fc39a24357c97fca744a6] Testing...
12:31:14,943 root INFO [gabime/spdlog:6d8efa8d7f5083eba96fc39a24357c97fca744a6] CMakeLists.txt at root found
12:31:15,428 root INFO [gabime/spdlog:6d8efa8d7f5083eba96fc39a24357c97fca744a6] ctest is defined
12:31:17,745 root WARNING [gabime/spdlog:6d8efa8d7f5083eba96fc39a24357c97fca744a6] multiple paths to enable_testing() was found in /mnt/c/Data/Master/opt-repo-cpp/data/tmp/gabime_spdlog_6d8efa8d7f5083eba96fc39a24357c97fca744a6/new. For testing: /mnt/c/Data/Master/opt-repo-cpp/data/tmp/gabime_spdlog_6d8efa8d7f5083eba96fc39a24357c97fca744a6/new/CMakeLists.txt
12:31:17,745 root INFO [gabime/spdlog:6d8efa8d7f5083eba96fc39a24357c97fca744a6] path to enable_testing(): '.'
12:31:17,761 root INFO cmake_minimum_required found: 3.1
12:31:17,763 root INFO Started Docker Image: cpp22
12:31:17,821 root INFO Run docker image (cpp22) mounted on /mnt/c/Data/Master/opt-repo-cpp/data/tmp/gabime_spdlog_6d8efa8d7f5083eba96fc39a24357c97fca744a6.
12:31:21,281 root INFO Command run in docker: ['cp', '-r', '/workspace', '/test_workspace']
12:31:21,508 root INFO Files copied into docker: cp -r /workspace /test_workspace
12:31:21,509 root INFO stdout: 2236 ms

12:31:21,510 root INFO [Attempt 1/10] Configuring project at /mnt/c/Data/Master/opt-repo-cpp/data/tmp/gabime_spdlog_6d8efa8d7f5083eba96fc39a24357c97fca744a6/new
12:31:21,879 root INFO Command run in docker: ['rm', '-rf', '/test_workspace/workspace/new/build']
12:31:22,107 root INFO cmake -S /test_workspace/workspace/new -B /test_workspace/workspace/new/build -DCMAKE_BUILD_TYPE=Debug -DCMAKE_EXPORT_COMPILE_COMMANDS=ON -DBUILD_TESTING=ON
12:31:23,832 root INFO Command run in docker: ['cmake', '-S', '/test_workspace/workspace/new', '-B', '/test_workspace/workspace/new/build', '-DCMAKE_BUILD_TYPE=Debug', '-DCMAKE_EXPORT_COMPILE_COMMANDS=ON', '-DBUILD_TESTING=ON']
12:31:24,84 root INFO CMake Configuration successful for /test_workspace/workspace/new/build
12:31:24,85 root INFO cmake --build /test_workspace/workspace/new/build -- -j 1
12:31:48,443 root INFO Command run in docker: ['cmake', '--build', '/test_workspace/workspace/new/build', '--', '-j', '1']
12:31:48,701 root INFO CMake build completed for /mnt/c/Data/Master/opt-repo-cpp/data/tmp/gabime_spdlog_6d8efa8d7f5083eba96fc39a24357c97fca744a6/new
12:31:49,268 root INFO Command run in docker: ['ctest', '--help']
12:31:49,995 root INFO Command run in docker: ['ctest', '-N']
12:31:50,180 root INFO Test commands: []
12:31:50,181 root INFO [gabime/spdlog:6d8efa8d7f5083eba96fc39a24357c97fca744a6] New build successful
12:31:50,187 root INFO Cloning repository https://github.com/gabime/spdlog.git for commit 343904b56d8745d2b7b9b07d92b96a460657c6ed into /mnt/c/Data/Master/opt-repo-cpp/data/tmp/gabime_spdlog_6d8efa8d7f5083eba96fc39a24357c97fca744a6/old
12:32:16,229 root INFO Repository checked out to commit 343904b56d8745d2b7b9b07d92b96a460657c6ed successfully
12:32:16,230 root INFO [gabime/spdlog:343904b56d8745d2b7b9b07d92b96a460657c6ed] Testing...
12:32:16,698 root INFO [gabime/spdlog:343904b56d8745d2b7b9b07d92b96a460657c6ed] CMakeLists.txt at root found
12:32:17,91 root INFO [gabime/spdlog:343904b56d8745d2b7b9b07d92b96a460657c6ed] ctest is defined
12:32:17,163 root WARNING [gabime/spdlog:343904b56d8745d2b7b9b07d92b96a460657c6ed] multiple paths to enable_testing() was found in /mnt/c/Data/Master/opt-repo-cpp/data/tmp/gabime_spdlog_6d8efa8d7f5083eba96fc39a24357c97fca744a6/old. For testing: /mnt/c/Data/Master/opt-repo-cpp/data/tmp/gabime_spdlog_6d8efa8d7f5083eba96fc39a24357c97fca744a6/old/CMakeLists.txt
12:32:17,164 root INFO [gabime/spdlog:343904b56d8745d2b7b9b07d92b96a460657c6ed] path to enable_testing(): '.'
12:32:17,178 root INFO cmake_minimum_required found: 3.1
12:32:17,179 root INFO Started Docker Image: cpp22
12:32:17,222 root INFO Run docker image (cpp22) mounted on /mnt/c/Data/Master/opt-repo-cpp/data/tmp/gabime_spdlog_6d8efa8d7f5083eba96fc39a24357c97fca744a6.
12:32:17,238 root ERROR Docker execution failed: 409 Client Error for http+docker://localhost/v1.51/containers/create?name=gabime_spdlog_6d8efa8d7f5083eba96fc39a24357c97fca744a6: Conflict ("Conflict. The container name "/gabime_spdlog_6d8efa8d7f5083eba96fc39a24357c97fca744a6" is already in use by container "de15226b8aecce3bbb78fa4ee646e3fc8674e52f208c9061a9a9627ceb527f4f". You have to remove (or rename) that container to be able to reuse that name.")
12:32:21,454 root INFO Command run in docker: ['cp', '-r', '/workspace', '/test_workspace']
12:32:21,618 root INFO Files copied into docker: cp -r /workspace /test_workspace
12:32:21,619 root INFO stdout: 3975 ms

12:32:21,620 root INFO [Attempt 1/10] Configuring project at /mnt/c/Data/Master/opt-repo-cpp/data/tmp/gabime_spdlog_6d8efa8d7f5083eba96fc39a24357c97fca744a6/old
12:32:21,963 root INFO Command run in docker: ['rm', '-rf', '/test_workspace/workspace/old/build']
12:32:22,209 root INFO cmake -S /test_workspace/workspace/old -B /test_workspace/workspace/old/build -DCMAKE_BUILD_TYPE=Debug -DCMAKE_EXPORT_COMPILE_COMMANDS=ON -DBUILD_TESTING=ON
12:32:23,702 root INFO Command run in docker: ['cmake', '-S', '/test_workspace/workspace/old', '-B', '/test_workspace/workspace/old/build', '-DCMAKE_BUILD_TYPE=Debug', '-DCMAKE_EXPORT_COMPILE_COMMANDS=ON', '-DBUILD_TESTING=ON']
12:32:23,976 root INFO CMake Configuration successful for /test_workspace/workspace/old/build
12:32:23,978 root INFO cmake --build /test_workspace/workspace/old/build -- -j 1
12:32:50,733 root INFO Command run in docker: ['cmake', '--build', '/test_workspace/workspace/old/build', '--', '-j', '1']
12:32:51,4 root INFO CMake build completed for /mnt/c/Data/Master/opt-repo-cpp/data/tmp/gabime_spdlog_6d8efa8d7f5083eba96fc39a24357c97fca744a6/old
12:32:51,492 root INFO Command run in docker: ['ctest', '--help']
12:32:52,276 root INFO Command run in docker: ['ctest', '-N']
12:32:52,545 root INFO Test commands: []
12:32:52,546 root INFO [gabime/spdlog:343904b56d8745d2b7b9b07d92b96a460657c6ed] Old build successful
12:32:52,554 root INFO ctest --output-on-failure in /test_workspace/workspace/new/build
12:32:53,442 root INFO CTest passed for /test_workspace/workspace/new/build
12:32:53,442 root INFO Tests run: 1, Failures: 0, Skipped: 0, Time elapsed: 0.15 s
12:32:53,443 root INFO ctest --output-on-failure in /test_workspace/workspace/old/build
12:32:54,86 root INFO CTest passed for /test_workspace/workspace/old/build
12:32:54,87 root INFO Tests run: 1, Failures: 0, Skipped: 0, Time elapsed: 0.07 s
12:32:54,88 root INFO Times Old: [0.07], New: [0.15]
12:32:54,150 root INFO pvalue: nan
12:32:54,156 root INFO new outperforms old: []
12:32:54,157 root INFO overall change: -1.1428571428571426
12:32:54,811 root INFO Results: {'is_significant': False, 'p_value': 'NaN', 'is_pair_significant': False, 'pair_p_value': 'NaN', 'is_binom_significant': False, 'binom_p_value': 1.0, 'is_wilcoxon_significant': False, 'wilcoxon_p_value': 1.0, 'is_mannwhitney_significant': False, 'mannwhitney_p_value': 1.0, 'relative_improvement': -1.1428571428571426, 'absolute_improvement_ms': -79.99999999999999, 'old_mean_ms': 70.0, 'new_mean_ms': 150.0, 'old_std_ms': 'NaN', 'new_std_ms': 'NaN', 'effect_size_cohens_d': 'NaN', 'old_ci95_ms': (0.0, 0.0), 'new_ci95_ms': (0.0, 0.0), 'old_ci99_ms': (0.0, 0.0), 'new_ci99_ms': (0.0, 0.0), 'new_times_s': [0.15], 'old_times_s': [0.07]}
12:32:54,822 root INFO [gabime/spdlog] Wrote results to /mnt/c/Data/Master/opt-repo-cpp/data/commits/gabime_spdlog_6d8efa8d7f5083eba96fc39a24357c97fca744a6.json
12:32:54,824 root INFO TEST Deleting folders: new_path=/mnt/c/Data/Master/opt-repo-cpp/data/tmp/gabime_spdlog_6d8efa8d7f5083eba96fc39a24357c97fca744a6/new, old_path=/mnt/c/Data/Master/opt-repo-cpp/data/tmp/gabime_spdlog_6d8efa8d7f5083eba96fc39a24357c97fca744a6/old, cwd=/mnt/c/Data/Master/opt-repo-cpp
12:33:06,674 root INFO [gabime/spdlog] Stopped the container
12:33:07,144 root INFO Cloning repository https://github.com/gabime/spdlog.git for commit b4dcd592d85438f328c5b41f1a591a2cfb7cd182 into /mnt/c/Data/Master/opt-repo-cpp/data/tmp/gabime_spdlog_b4dcd592d85438f328c5b41f1a591a2cfb7cd182/new
12:33:32,587 root INFO Repository checked out to commit b4dcd592d85438f328c5b41f1a591a2cfb7cd182 successfully
12:33:32,587 root INFO [gabime/spdlog:b4dcd592d85438f328c5b41f1a591a2cfb7cd182] Testing...
12:33:32,818 root INFO [gabime/spdlog:b4dcd592d85438f328c5b41f1a591a2cfb7cd182] CMakeLists.txt at root found
12:33:33,437 root INFO [gabime/spdlog:b4dcd592d85438f328c5b41f1a591a2cfb7cd182] ctest is defined
12:33:33,598 root WARNING [gabime/spdlog:b4dcd592d85438f328c5b41f1a591a2cfb7cd182] multiple paths to enable_testing() was found in /mnt/c/Data/Master/opt-repo-cpp/data/tmp/gabime_spdlog_b4dcd592d85438f328c5b41f1a591a2cfb7cd182/new. For testing: /mnt/c/Data/Master/opt-repo-cpp/data/tmp/gabime_spdlog_b4dcd592d85438f328c5b41f1a591a2cfb7cd182/new/CMakeLists.txt
12:33:33,598 root INFO [gabime/spdlog:b4dcd592d85438f328c5b41f1a591a2cfb7cd182] path to enable_testing(): '.'
12:33:33,630 root INFO cmake_minimum_required found: 3.1
12:33:33,632 root INFO Started Docker Image: cpp22
12:33:33,702 root INFO Run docker image (cpp22) mounted on /mnt/c/Data/Master/opt-repo-cpp/data/tmp/gabime_spdlog_b4dcd592d85438f328c5b41f1a591a2cfb7cd182.
12:33:36,675 root INFO Command run in docker: ['cp', '-r', '/workspace', '/test_workspace']
12:33:36,887 root INFO Files copied into docker: cp -r /workspace /test_workspace
12:33:36,888 root INFO stdout: 1781 ms

12:33:36,889 root INFO [Attempt 1/10] Configuring project at /mnt/c/Data/Master/opt-repo-cpp/data/tmp/gabime_spdlog_b4dcd592d85438f328c5b41f1a591a2cfb7cd182/new
12:33:37,203 root INFO Command run in docker: ['rm', '-rf', '/test_workspace/workspace/new/build']
12:33:37,354 root INFO cmake -S /test_workspace/workspace/new -B /test_workspace/workspace/new/build -DCMAKE_BUILD_TYPE=Debug -DCMAKE_EXPORT_COMPILE_COMMANDS=ON -DBUILD_TESTING=ON -DSPDLOG_BUILD_TESTING=ON
12:33:38,647 root INFO Command run in docker: ['cmake', '-S', '/test_workspace/workspace/new', '-B', '/test_workspace/workspace/new/build', '-DCMAKE_BUILD_TYPE=Debug', '-DCMAKE_EXPORT_COMPILE_COMMANDS=ON', '-DBUILD_TESTING=ON', '-DSPDLOG_BUILD_TESTING=ON']
12:33:38,865 root INFO CMake Configuration successful for /test_workspace/workspace/new/build
12:33:38,866 root INFO cmake --build /test_workspace/workspace/new/build -- -j 1
12:35:22,531 root INFO Command run in docker: ['cmake', '--build', '/test_workspace/workspace/new/build', '--', '-j', '1']
12:35:22,703 root INFO CMake build completed for /mnt/c/Data/Master/opt-repo-cpp/data/tmp/gabime_spdlog_b4dcd592d85438f328c5b41f1a591a2cfb7cd182/new
12:35:23,46 root INFO Command run in docker: ['ctest', '--help']
12:35:23,483 root INFO Command run in docker: ['ctest', '-N']
12:35:23,675 root INFO Test commands: []
12:35:23,676 root INFO [gabime/spdlog:b4dcd592d85438f328c5b41f1a591a2cfb7cd182] New build successful
12:35:23,681 root INFO Cloning repository https://github.com/gabime/spdlog.git for commit 21524c16fadaab4c5c8b852325685651e3048c57 into /mnt/c/Data/Master/opt-repo-cpp/data/tmp/gabime_spdlog_b4dcd592d85438f328c5b41f1a591a2cfb7cd182/old
12:35:43,349 root INFO Repository checked out to commit 21524c16fadaab4c5c8b852325685651e3048c57 successfully
12:35:43,350 root INFO [gabime/spdlog:21524c16fadaab4c5c8b852325685651e3048c57] Testing...
12:35:43,759 root INFO [gabime/spdlog:21524c16fadaab4c5c8b852325685651e3048c57] CMakeLists.txt at root found
12:35:44,50 root INFO [gabime/spdlog:21524c16fadaab4c5c8b852325685651e3048c57] ctest is defined
12:35:44,141 root WARNING [gabime/spdlog:21524c16fadaab4c5c8b852325685651e3048c57] multiple paths to enable_testing() was found in /mnt/c/Data/Master/opt-repo-cpp/data/tmp/gabime_spdlog_b4dcd592d85438f328c5b41f1a591a2cfb7cd182/old. For testing: /mnt/c/Data/Master/opt-repo-cpp/data/tmp/gabime_spdlog_b4dcd592d85438f328c5b41f1a591a2cfb7cd182/old/CMakeLists.txt
12:35:44,141 root INFO [gabime/spdlog:21524c16fadaab4c5c8b852325685651e3048c57] path to enable_testing(): '.'
12:35:44,157 root INFO cmake_minimum_required found: 3.1
12:35:44,158 root INFO Started Docker Image: cpp22
12:35:44,200 root INFO Run docker image (cpp22) mounted on /mnt/c/Data/Master/opt-repo-cpp/data/tmp/gabime_spdlog_b4dcd592d85438f328c5b41f1a591a2cfb7cd182.
12:35:44,216 root ERROR Docker execution failed: 409 Client Error for http+docker://localhost/v1.51/containers/create?name=gabime_spdlog_b4dcd592d85438f328c5b41f1a591a2cfb7cd182: Conflict ("Conflict. The container name "/gabime_spdlog_b4dcd592d85438f328c5b41f1a591a2cfb7cd182" is already in use by container "98553c4abbc9fdb4273eed97bdf102193943bbf5f7c46a257ee6d4193b82407e". You have to remove (or rename) that container to be able to reuse that name.")
12:35:48,240 root INFO Command run in docker: ['cp', '-r', '/workspace', '/test_workspace']
12:35:48,400 root INFO Files copied into docker: cp -r /workspace /test_workspace
12:35:48,400 root INFO stdout: 3744 ms

12:35:48,401 root INFO [Attempt 1/10] Configuring project at /mnt/c/Data/Master/opt-repo-cpp/data/tmp/gabime_spdlog_b4dcd592d85438f328c5b41f1a591a2cfb7cd182/old
12:35:48,650 root INFO Command run in docker: ['rm', '-rf', '/test_workspace/workspace/old/build']
12:35:48,779 root INFO cmake -S /test_workspace/workspace/old -B /test_workspace/workspace/old/build -DCMAKE_BUILD_TYPE=Debug -DCMAKE_EXPORT_COMPILE_COMMANDS=ON -DBUILD_TESTING=ON -DSPDLOG_BUILD_TESTING=ON
12:35:49,672 root INFO Command run in docker: ['cmake', '-S', '/test_workspace/workspace/old', '-B', '/test_workspace/workspace/old/build', '-DCMAKE_BUILD_TYPE=Debug', '-DCMAKE_EXPORT_COMPILE_COMMANDS=ON', '-DBUILD_TESTING=ON', '-DSPDLOG_BUILD_TESTING=ON']
12:35:49,852 root INFO CMake Configuration successful for /test_workspace/workspace/old/build
12:35:49,853 root INFO cmake --build /test_workspace/workspace/old/build -- -j 1
12:37:19,56 root INFO Command run in docker: ['cmake', '--build', '/test_workspace/workspace/old/build', '--', '-j', '1']
12:37:19,219 root INFO CMake build completed for /mnt/c/Data/Master/opt-repo-cpp/data/tmp/gabime_spdlog_b4dcd592d85438f328c5b41f1a591a2cfb7cd182/old
12:37:19,611 root INFO Command run in docker: ['ctest', '--help']
12:37:20,150 root INFO Command run in docker: ['ctest', '-N']
12:37:20,310 root INFO Test commands: []
12:37:20,310 root INFO [gabime/spdlog:21524c16fadaab4c5c8b852325685651e3048c57] Old build successful
12:37:20,314 root INFO ctest --output-on-failure in /test_workspace/workspace/new/build
12:37:21,668 root INFO CTest passed for /test_workspace/workspace/new/build
12:37:21,668 root INFO Tests run: 1, Failures: 0, Skipped: 0, Time elapsed: 0.89 s
12:37:21,669 root INFO ctest --output-on-failure in /test_workspace/workspace/old/build
12:37:22,973 root INFO CTest passed for /test_workspace/workspace/old/build
12:37:22,974 root INFO Tests run: 1, Failures: 0, Skipped: 0, Time elapsed: 0.92 s
12:37:22,975 root INFO Times Old: [0.92], New: [0.89]
12:37:22,978 root INFO pvalue: nan
12:37:22,980 root INFO new outperforms old: []
12:37:22,981 root INFO overall change: 0.03260869565217394
12:37:23,537 root INFO Results: {'is_significant': False, 'p_value': 'NaN', 'is_pair_significant': False, 'pair_p_value': 'NaN', 'is_binom_significant': False, 'binom_p_value': 1.0, 'is_wilcoxon_significant': False, 'wilcoxon_p_value': 1.0, 'is_mannwhitney_significant': False, 'mannwhitney_p_value': 0.5, 'relative_improvement': 0.03260869565217394, 'absolute_improvement_ms': 30.00000000000003, 'old_mean_ms': 920.0, 'new_mean_ms': 890.0, 'old_std_ms': 'NaN', 'new_std_ms': 'NaN', 'effect_size_cohens_d': 'NaN', 'old_ci95_ms': (0.0, 0.0), 'new_ci95_ms': (0.0, 0.0), 'old_ci99_ms': (0.0, 0.0), 'new_ci99_ms': (0.0, 0.0), 'new_times_s': [0.89], 'old_times_s': [0.92]}
12:37:23,550 root INFO [gabime/spdlog] Wrote results to /mnt/c/Data/Master/opt-repo-cpp/data/commits/gabime_spdlog_b4dcd592d85438f328c5b41f1a591a2cfb7cd182.json
12:37:23,551 root INFO TEST Deleting folders: new_path=/mnt/c/Data/Master/opt-repo-cpp/data/tmp/gabime_spdlog_b4dcd592d85438f328c5b41f1a591a2cfb7cd182/new, old_path=/mnt/c/Data/Master/opt-repo-cpp/data/tmp/gabime_spdlog_b4dcd592d85438f328c5b41f1a591a2cfb7cd182/old, cwd=/mnt/c/Data/Master/opt-repo-cpp
12:37:35,165 root INFO [gabime/spdlog] Stopped the container
12:37:35,193 root INFO Commit testing completed.
12:37:35,194 root INFO Controller execution completed.
12:37:35,195 root INFO Pipeline finished successfully.
