14:53:39,61 root INFO Command run: main.py --testdocker --docker=madmann91_bvh_1b2472a44e22fcf7dc921b7eb36b7729ec97e8b5
14:53:39,62 root INFO Starting the GitHub repository pipeline...
14:53:39,64 root INFO Starting controller...
14:53:39,65 root INFO Testing docker images...
14:53:40,144 root INFO Commits found 1
14:53:40,145 root INFO Available CPUs: [0, 1, 2, 3, 4, 5, 6, 7]
14:53:40,146 root INFO CPU pinning sets: ['0']
14:53:42,597 root INFO Run docker image (madmann91_bvh_1b2472a44e22fcf7dc921b7eb36b7729ec97e8b5) mounted on /mnt/c/Data/Master/opt-repo-cpp/data/tmp/madmann91_bvh_1b2472a44e22fcf7dc921b7eb36b7729ec97e8b5.
14:53:43,804 root INFO Command run in docker: ['chmod', '777', '/test_workspace/new_build.sh']
14:53:44,440 root INFO Command run in docker: ['cat', '/test_workspace/new_build.sh']
14:53:45,44 root INFO Command run in docker: ['chmod', '777', '/test_workspace/new_test.sh']
14:53:45,627 root INFO Command run in docker: ['cat', '/test_workspace/new_test.sh']
14:53:45,828 root INFO [madmann91_bvh_1b2472a44e22fcf7dc921b7eb36b7729ec97e8b5] New docker commit setup successful.
14:53:45,977 root INFO Run docker image (madmann91_bvh_1b2472a44e22fcf7dc921b7eb36b7729ec97e8b5) mounted on /mnt/c/Data/Master/opt-repo-cpp/data/tmp/madmann91_bvh_1b2472a44e22fcf7dc921b7eb36b7729ec97e8b5.
14:53:45,999 root ERROR Docker execution failed: 409 Client Error for http+docker://localhost/v1.51/containers/create?name=madmann91_bvh_1b2472a44e22fcf7dc921b7eb36b7729ec97e8b5: Conflict ("Conflict. The container name "/madmann91_bvh_1b2472a44e22fcf7dc921b7eb36b7729ec97e8b5" is already in use by container "7e8b4586fb38fcfef8caf0a0309540cc2a6b8e05e63724adba1493ff60bfe118". You have to remove (or rename) that container to be able to reuse that name.")
14:53:46,343 root INFO Command run in docker: ['chmod', '777', '/test_workspace/old_build.sh']
14:53:46,880 root INFO Command run in docker: ['cat', '/test_workspace/old_build.sh']
14:53:47,448 root INFO Command run in docker: ['chmod', '777', '/test_workspace/old_test.sh']
14:53:47,856 root INFO Command run in docker: ['cat', '/test_workspace/old_test.sh']
14:53:48,39 root INFO [madmann91_bvh_1b2472a44e22fcf7dc921b7eb36b7729ec97e8b5] Old docker commit setup successful.
14:53:48,43 root INFO ctest --output-on-failure in /test_workspace/workspace/old/build
14:54:03,389 root INFO CTest passed for /test_workspace/workspace/old/build
14:54:03,390 root INFO Tests run: 11, Failures: 0, Skipped: 0, Time elapsed: 14.93 s
14:54:03,391 root INFO ctest --output-on-failure in /test_workspace/workspace/new/build
14:54:18,321 root INFO CTest passed for /test_workspace/workspace/new/build
14:54:18,322 root INFO Tests run: 11, Failures: 0, Skipped: 0, Time elapsed: 14.43 s
14:54:18,325 root INFO Times Old: [14.93], New: [14.43]
14:54:18,444 root INFO pvalue: nan
14:54:18,463 root INFO new outperforms old: []
14:54:18,464 root INFO overall change: 0.03217158176943691
14:54:19,308 root INFO Results: {'is_significant': False, 'p_value': 'NaN', 'is_pair_significant': False, 'pair_p_value': 'NaN', 'is_binom_significant': False, 'binom_p_value': 1.0, 'is_wilcoxon_significant': False, 'wilcoxon_p_value': 1.0, 'is_mannwhitney_significant': False, 'mannwhitney_p_value': 0.5, 'relative_improvement': 0.033489618218352314, 'absolute_improvement_ms': 500.0, 'old_mean_ms': 14930.0, 'new_mean_ms': 14430.0, 'old_std_ms': 'NaN', 'new_std_ms': 'NaN', 'effect_size_cohens_d': 'NaN', 'old_ci95_ms': (0.0, 0.0), 'new_ci95_ms': (0.0, 0.0), 'old_ci99_ms': (0.0, 0.0), 'new_ci99_ms': (0.0, 0.0), 'new_times_s': [14.43], 'old_times_s': [14.93]}
14:54:19,323 root INFO [madmann91/bvh] Wrote results to /mnt/c/Data/Master/opt-repo-cpp/data/commits/madmann91_bvh_1b2472a44e22fcf7dc921b7eb36b7729ec97e8b5.json
14:54:19,379 root INFO Removing existing image: madmann91_bvh_1b2472a44e22fcf7dc921b7eb36b7729ec97e8b5
14:54:19,500 root INFO Copied log file to 7e8b4586fb38fcfef8caf0a0309540cc2a6b8e05e63724adba1493ff60bfe118:/test_workspace/logs/full.log
14:54:19,592 root INFO Copied log file to 7e8b4586fb38fcfef8caf0a0309540cc2a6b8e05e63724adba1493ff60bfe118:/test_workspace/logs/config.log
14:54:19,689 root INFO Copied log file to 7e8b4586fb38fcfef8caf0a0309540cc2a6b8e05e63724adba1493ff60bfe118:/test_workspace/logs/build.log
14:54:19,787 root INFO Copied log file to 7e8b4586fb38fcfef8caf0a0309540cc2a6b8e05e63724adba1493ff60bfe118:/test_workspace/logs/test.log
14:54:19,882 root INFO Copied log file to 7e8b4586fb38fcfef8caf0a0309540cc2a6b8e05e63724adba1493ff60bfe118:/test_workspace/logs/results.json
14:54:25,244 root INFO Command run in docker: ['apt-get', 'autoremove', '-y']
14:54:25,734 root INFO Command run in docker: ['apt-get', 'autoclean', '-y']
14:54:26,142 root INFO Command run in docker: ['apt-get', 'clean']
14:54:26,577 root INFO Command run in docker: ['rm', '-rf', '/var/lib/apt/lists/*']
14:54:27,140 root INFO Command run in docker: ['rm', '-rf', '/tmp/*']
14:54:27,504 root INFO Command run in docker: ['rm', '-rf', '/root/.cache']
14:54:27,869 root INFO Command run in docker: ['rm', '-rf', '/home/*/.cache']
14:54:39,145 root INFO [madmann91/bvh] Stopped the container
14:54:39,182 root INFO Testing docker images completed.
14:54:39,183 root INFO Controller execution completed.
14:54:39,187 root INFO Pipeline finished successfully.
