14:29:00,665 root INFO Command run: main.py --genimages --input=data/test/
14:29:00,666 root INFO Starting the GitHub repository pipeline...
14:29:00,667 root INFO Starting controller...
14:29:00,668 root INFO Generating Docker Images...
14:29:00,681 root INFO Commits found 1
14:29:00,681 root INFO Available CPUs: [0, 1, 2, 3, 4, 5, 6, 7]
14:29:00,682 root INFO CPU pinning sets: ['0']
14:29:01,209 root INFO Cloning repository https://github.com/actor-framework/actor-framework.git for commit 6e6d2f809a98345eb900c36dc220b2cefad0c319 into /mnt/c/Data/Master/opt-repo-cpp/data/tmp/actor-framework_actor-framework_6e6d2f809a98345eb900c36dc220b2cefad0c319/new
14:30:33,912 root INFO Repository checked out to commit 6e6d2f809a98345eb900c36dc220b2cefad0c319 successfully
14:30:33,913 root INFO [actor-framework/actor-framework:6e6d2f809a98345eb900c36dc220b2cefad0c319] Testing...
14:30:34,512 root INFO [actor-framework/actor-framework:6e6d2f809a98345eb900c36dc220b2cefad0c319] CMakeLists.txt at root found
14:30:35,809 root INFO [actor-framework/actor-framework:6e6d2f809a98345eb900c36dc220b2cefad0c319] ctest is defined
14:30:37,292 root WARNING [actor-framework/actor-framework:6e6d2f809a98345eb900c36dc220b2cefad0c319] multiple paths to enable_testing() was found in /mnt/c/Data/Master/opt-repo-cpp/data/tmp/actor-framework_actor-framework_6e6d2f809a98345eb900c36dc220b2cefad0c319/new. For testing: /mnt/c/Data/Master/opt-repo-cpp/data/tmp/actor-framework_actor-framework_6e6d2f809a98345eb900c36dc220b2cefad0c319/new/CMakeLists.txt
14:30:37,293 root INFO [actor-framework/actor-framework:6e6d2f809a98345eb900c36dc220b2cefad0c319] path to enable_testing(): '.'
14:30:37,362 root INFO cmake_minimum_required found: 3.5
14:30:37,364 root INFO Started Docker Image: cpp22
14:30:37,416 root INFO Run docker image (cpp22) mounted on /mnt/c/Data/Master/opt-repo-cpp/data/tmp/actor-framework_actor-framework_6e6d2f809a98345eb900c36dc220b2cefad0c319.
14:30:47,346 root INFO Command run in docker: ['cp', '-r', '/workspace', '/test_workspace']
14:30:47,521 root INFO Files copied into docker: cp -r /workspace /test_workspace
14:30:47,521 root INFO stdout: 8665 ms

14:30:47,522 root INFO [Attempt 1/10] Configuring project at /mnt/c/Data/Master/opt-repo-cpp/data/tmp/actor-framework_actor-framework_6e6d2f809a98345eb900c36dc220b2cefad0c319/new
14:30:47,815 root INFO Command run in docker: ['rm', '-rf', '/test_workspace/workspace/new/build']
14:30:47,988 root INFO cmake -S /test_workspace/workspace/new -B /test_workspace/workspace/new/build -DCMAKE_BUILD_TYPE=Debug -DCMAKE_EXPORT_COMPILE_COMMANDS=ON -DCAF_ENABLE_TESTING=ON
14:30:50,673 root INFO Command run in docker: ['cmake', '-S', '/test_workspace/workspace/new', '-B', '/test_workspace/workspace/new/build', '-DCMAKE_BUILD_TYPE=Debug', '-DCMAKE_EXPORT_COMPILE_COMMANDS=ON', '-DCAF_ENABLE_TESTING=ON']
14:30:50,839 root INFO CMake Configuration successful for /test_workspace/workspace/new/build
14:30:50,840 root INFO cmake --build /test_workspace/workspace/new/build -- -j 1
14:44:18,17 root WARNING SIGINT received. Cleaning up child processes...
14:44:18,17 root WARNING SIGINT received. Cleaning up child processes...
14:44:21,191 root ERROR [actor-framework/actor-framework] Error testing commits: cannot access local variable 'new_process' where it is not associated with a value
Traceback (most recent call last):
  File "/mnt/c/Data/Master/opt-repo-cpp/src/core/docker/tester.py", line 58, in _commit_pair_test
    new_process, old_process = self._setup_commits(repo, new_path, old_path, new_sha, old_sha, cpuset_cpus)
                               ^^^^^^^^^^^^^^^^^^^^^^^^^^^^^^^^^^^^^^^^^^^^^^^^^^^^^^^^^^^^^^^^^^^^^^^^^^^^
  File "/mnt/c/Data/Master/opt-repo-cpp/src/core/docker/tester.py", line 117, in _setup_commits
    new_process = new_pf.commit_setup_and_build("New", repo, new_sha, container_name=container_name, startup=True, cpuset_cpus=cpuset_cpus)
                  ^^^^^^^^^^^^^^^^^^^^^^^^^^^^^^^^^^^^^^^^^^^^^^^^^^^^^^^^^^^^^^^^^^^^^^^^^^^^^^^^^^^^^^^^^^^^^^^^^^^^^^^^^^^^^^^^^^^^^^^^^
  File "/mnt/c/Data/Master/opt-repo-cpp/src/core/filter/process_filter.py", line 133, in commit_setup_and_build
    return self.build_collect_test(repo, sha, process, enable_testing_path, flags, container_name, startup, cpuset_cpus, msg)
           ^^^^^^^^^^^^^^^^^^^^^^^^^^^^^^^^^^^^^^^^^^^^^^^^^^^^^^^^^^^^^^^^^^^^^^^^^^^^^^^^^^^^^^^^^^^^^^^^^^^^^^^^^^^^^^^^^^
  File "/mnt/c/Data/Master/opt-repo-cpp/src/core/filter/process_filter.py", line 205, in build_collect_test
    if not process.build():
           ^^^^^^^^^^^^^^^
  File "/mnt/c/Data/Master/opt-repo-cpp/src/cmake/process.py", line 291, in build
    return self._configure_with_retries() #and self._build()
           ^^^^^^^^^^^^^^^^^^^^^^^^^^^^^^
  File "/mnt/c/Data/Master/opt-repo-cpp/src/cmake/process.py", line 318, in _configure_with_retries
    if self._configure():
       ^^^^^^^^^^^^^^^^^
  File "/mnt/c/Data/Master/opt-repo-cpp/src/cmake/process.py", line 473, in _configure
    if not self._build():
           ^^^^^^^^^^^^^
  File "/mnt/c/Data/Master/opt-repo-cpp/src/cmake/process.py", line 495, in _build
    exit_code, stdout, stderr, _ = self.docker.run_command_in_docker(cmd, self.root, check=False)
                                   ^^^^^^^^^^^^^^^^^^^^^^^^^^^^^^^^^^^^^^^^^^^^^^^^^^^^^^^^^^^^^^
  File "/mnt/c/Data/Master/opt-repo-cpp/src/core/docker/manager.py", line 121, in run_command_in_docker
    exit_code, output = self.container.exec_run(timed_cmd, workdir=str(container_workdir))
                        ^^^^^^^^^^^^^^^^^^^^^^^^^^^^^^^^^^^^^^^^^^^^^^^^^^^^^^^^^^^^^^^^^^
  File "/mnt/c/Data/Master/tool/.venv/lib/python3.12/site-packages/docker/models/containers.py", line 213, in exec_run
    exec_output = self.client.api.exec_start(
                  ^^^^^^^^^^^^^^^^^^^^^^^^^^^
  File "/mnt/c/Data/Master/tool/.venv/lib/python3.12/site-packages/docker/utils/decorators.py", line 19, in wrapped
    return f(self, resource_id, *args, **kwargs)
           ^^^^^^^^^^^^^^^^^^^^^^^^^^^^^^^^^^^^^
  File "/mnt/c/Data/Master/tool/.venv/lib/python3.12/site-packages/docker/api/exec_api.py", line 172, in exec_start
    output = self._read_from_socket(res, stream, tty=tty, demux=demux)
             ^^^^^^^^^^^^^^^^^^^^^^^^^^^^^^^^^^^^^^^^^^^^^^^^^^^^^^^^^
  File "/mnt/c/Data/Master/tool/.venv/lib/python3.12/site-packages/docker/api/client.py", line 445, in _read_from_socket
    return consume_socket_output(gen, demux=demux)
           ^^^^^^^^^^^^^^^^^^^^^^^^^^^^^^^^^^^^^^^
  File "/mnt/c/Data/Master/tool/.venv/lib/python3.12/site-packages/docker/utils/socket.py", line 155, in consume_socket_output
    return b"".join(frames)
           ^^^^^^^^^^^^^^^^
  File "/mnt/c/Data/Master/tool/.venv/lib/python3.12/site-packages/docker/api/client.py", line 438, in <genexpr>
    gen = (data for (_, data) in gen)
                                 ^^^
  File "/mnt/c/Data/Master/tool/.venv/lib/python3.12/site-packages/docker/utils/socket.py", line 112, in frames_iter_no_tty
    (stream, n) = next_frame_header(socket)
                  ^^^^^^^^^^^^^^^^^^^^^^^^^
  File "/mnt/c/Data/Master/tool/.venv/lib/python3.12/site-packages/docker/utils/socket.py", line 84, in next_frame_header
    data = read_exactly(socket, 8)
           ^^^^^^^^^^^^^^^^^^^^^^^
  File "/mnt/c/Data/Master/tool/.venv/lib/python3.12/site-packages/docker/utils/socket.py", line 69, in read_exactly
    next_data = read(socket, n - len(data))
                ^^^^^^^^^^^^^^^^^^^^^^^^^^^
  File "/mnt/c/Data/Master/tool/.venv/lib/python3.12/site-packages/docker/utils/socket.py", line 40, in read
    poll.poll()
  File "/mnt/c/Data/Master/opt-repo-cpp/main.py", line 17, in sigint_handler
    sys.exit(1)
SystemExit: 1

During handling of the above exception, another exception occurred:

Traceback (most recent call last):
  File "/mnt/c/Data/Master/opt-repo-cpp/src/core/pipelines/commit_tester_pipeline.py", line 21, in run_one_commit
    docker.run_commit_pair(repo, new_sha, old_sha, new_path, old_path, cpuset_cpus)
  File "/mnt/c/Data/Master/opt-repo-cpp/src/core/docker/tester.py", line 30, in run_commit_pair
    with self._commit_pair_test(
         ^^^^^^^^^^^^^^^^^^^^^^^
  File "/home/linuxbrew/.linuxbrew/opt/python@3.12/lib/python3.12/contextlib.py", line 137, in __enter__
    return next(self.gen)
           ^^^^^^^^^^^^^^
  File "/mnt/c/Data/Master/opt-repo-cpp/src/core/docker/tester.py", line 77, in _commit_pair_test
    if new_process:
       ^^^^^^^^^^^
UnboundLocalError: cannot access local variable 'new_process' where it is not associated with a value
