15:04:41,871 root INFO Command run: main.py --testdocker --docker=madmann91_bvh_1b2472a44e22fcf7dc921b7eb36b7729ec97e8b5
15:04:41,871 root INFO Starting the GitHub repository pipeline...
15:04:41,873 root INFO Starting controller...
15:04:41,874 root INFO Testing docker images...
15:04:42,988 root INFO Commits found 1
15:04:42,989 root INFO Available CPUs: [0, 1, 2, 3, 4, 5, 6, 7]
15:04:42,990 root INFO CPU pinning sets: ['0']
15:04:45,504 root INFO Run docker image (madmann91_bvh_1b2472a44e22fcf7dc921b7eb36b7729ec97e8b5) mounted on /mnt/c/Data/Master/opt-repo-cpp/data/tmp/madmann91_bvh_1b2472a44e22fcf7dc921b7eb36b7729ec97e8b5.
15:04:46,681 root INFO Command run in docker: ['chmod', '777', '/test_workspace/new_build.sh']
15:04:47,191 root INFO Command run in docker: ['cat', '/test_workspace/new_build.sh']
15:04:47,619 root INFO Command run in docker: ['chmod', '777', '/test_workspace/new_test.sh']
15:04:48,76 root INFO Command run in docker: ['cat', '/test_workspace/new_test.sh']
15:04:48,274 root INFO [madmann91_bvh_1b2472a44e22fcf7dc921b7eb36b7729ec97e8b5] New docker commit setup successful.
15:04:48,515 root INFO Run docker image (madmann91_bvh_1b2472a44e22fcf7dc921b7eb36b7729ec97e8b5) mounted on /mnt/c/Data/Master/opt-repo-cpp/data/tmp/madmann91_bvh_1b2472a44e22fcf7dc921b7eb36b7729ec97e8b5.
15:04:48,532 root ERROR Docker execution failed: 409 Client Error for http+docker://localhost/v1.51/containers/create?name=madmann91_bvh_1b2472a44e22fcf7dc921b7eb36b7729ec97e8b5: Conflict ("Conflict. The container name "/madmann91_bvh_1b2472a44e22fcf7dc921b7eb36b7729ec97e8b5" is already in use by container "05f26392290c6794b4355049d803260c0978fa9f08705f16a0fc199f0b98b59b". You have to remove (or rename) that container to be able to reuse that name.")
15:04:48,855 root INFO Command run in docker: ['chmod', '777', '/test_workspace/old_build.sh']
15:04:49,351 root INFO Command run in docker: ['cat', '/test_workspace/old_build.sh']
15:04:49,834 root INFO Command run in docker: ['chmod', '777', '/test_workspace/old_test.sh']
15:04:50,420 root INFO Command run in docker: ['cat', '/test_workspace/old_test.sh']
15:04:50,606 root INFO [madmann91_bvh_1b2472a44e22fcf7dc921b7eb36b7729ec97e8b5] Old docker commit setup successful.
15:04:50,610 root INFO ctest --output-on-failure in /test_workspace/workspace/old/build
15:05:06,397 root INFO CTest passed for /test_workspace/workspace/old/build
15:05:06,398 root INFO Tests run: 11, Failures: 0, Skipped: 0, Time elapsed: 15.34 s
15:05:06,399 root INFO ctest --output-on-failure in /test_workspace/workspace/new/build
15:05:20,771 root INFO CTest passed for /test_workspace/workspace/new/build
15:05:20,771 root INFO Tests run: 11, Failures: 0, Skipped: 0, Time elapsed: 13.85 s
15:05:20,774 root INFO Times Old: [15.34], New: [13.85]
15:05:20,807 root INFO pvalue: nan
15:05:20,822 root INFO new outperforms old: []
15:05:20,823 root INFO overall change: 0.09601567602873932
15:05:21,544 root INFO Results: {'is_significant': False, 'p_value': 'NaN', 'is_pair_significant': False, 'pair_p_value': 'NaN', 'is_binom_significant': False, 'binom_p_value': 0.5, 'is_wilcoxon_significant': False, 'wilcoxon_p_value': 0.5, 'is_mannwhitney_significant': False, 'mannwhitney_p_value': 0.5, 'relative_improvement': 0.0971316818774446, 'absolute_improvement_ms': 1490.0000000000002, 'old_mean_ms': 15340.0, 'new_mean_ms': 13850.0, 'old_std_ms': 'NaN', 'new_std_ms': 'NaN', 'effect_size_cohens_d': 'NaN', 'old_ci95_ms': (0.0, 0.0), 'new_ci95_ms': (0.0, 0.0), 'old_ci99_ms': (0.0, 0.0), 'new_ci99_ms': (0.0, 0.0), 'new_times_s': [13.85], 'old_times_s': [15.34]}
15:05:21,556 root INFO [madmann91/bvh] Wrote results to /mnt/c/Data/Master/opt-repo-cpp/data/commits/madmann91_bvh_1b2472a44e22fcf7dc921b7eb36b7729ec97e8b5.json
15:05:31,941 root INFO [madmann91/bvh] Stopped the container
15:05:31,970 root INFO Testing docker images completed.
15:05:31,971 root INFO Controller execution completed.
15:05:31,977 root INFO Pipeline finished successfully.
