22:34:13,910 root INFO GitHub rate limit: RateLimitOverview(rate=Rate(reset=2025-10-13 22:54:18+00:00, remaining=1454, limit=5000))
22:34:13,911 root INFO Crawling GitHub repositories...
22:34:15,982 root INFO CMakeLists.txt and vcpkg.json at root (catchorg/Catch2)
22:34:20,547 root INFO Searching for enable_testing()...
22:34:20,552 root INFO CMakeLists.txt with enable_testing(): ['/tmp/tmpzmtpb_de/tests/TestScripts/DiscoverTests/CMakeLists.txt', '/tmp/tmpzmtpb_de/tests/TestScripts/DiscoverTests/CMakeLists.txt', '/tmp/tmpzmtpb_de/CMakeLists.txt', '/tmp/tmpzmtpb_de/tests/CMakeLists.txt'].
22:34:20,554 root INFO Searching for target_link_libraries to isolate test cases...
22:34:20,558 root INFO target_link_libraries found Catch2::Catch2 in /tmp/tmpzmtpb_de/fuzzing/CMakeLists.txt.
22:34:20,559 root INFO target_link_libraries found Catch2::Catch2WithMain in /tmp/tmpzmtpb_de/.conan/test_package/CMakeLists.txt.
22:34:20,559 root INFO target_link_libraries found Catch2::Catch2WithMain in /tmp/tmpzmtpb_de/tests/ExtraTests/CMakeLists.txt.
22:34:20,560 root INFO target_link_libraries found Catch2::Catch2WithMain in /tmp/tmpzmtpb_de/tests/ExtraTests/CMakeLists.txt.
22:34:20,560 root INFO target_link_libraries found Catch2::Catch2WithMain in /tmp/tmpzmtpb_de/tests/ExtraTests/CMakeLists.txt.
22:34:20,560 root INFO target_link_libraries found Catch2::Catch2WithMain in /tmp/tmpzmtpb_de/tests/ExtraTests/CMakeLists.txt.
22:34:20,561 root INFO target_link_libraries found Catch2::Catch2WithMain in /tmp/tmpzmtpb_de/tests/ExtraTests/CMakeLists.txt.
22:34:20,561 root INFO target_link_libraries found Catch2::Catch2WithMain in /tmp/tmpzmtpb_de/tests/ExtraTests/CMakeLists.txt.
22:34:20,562 root INFO target_link_libraries found Catch2::Catch2WithMain in /tmp/tmpzmtpb_de/tests/ExtraTests/CMakeLists.txt.
22:34:20,562 root INFO target_link_libraries found Catch2::Catch2WithMain in /tmp/tmpzmtpb_de/tests/ExtraTests/CMakeLists.txt.
22:34:20,562 root INFO target_link_libraries found Catch2::Catch2WithMain in /tmp/tmpzmtpb_de/tests/ExtraTests/CMakeLists.txt.
22:34:20,563 root INFO target_link_libraries found Catch2::Catch2WithMain in /tmp/tmpzmtpb_de/tests/ExtraTests/CMakeLists.txt.
22:34:20,563 root INFO target_link_libraries found Catch2::Catch2WithMain in /tmp/tmpzmtpb_de/tests/ExtraTests/CMakeLists.txt.
22:34:20,564 root INFO target_link_libraries found Catch2::Catch2WithMain in /tmp/tmpzmtpb_de/tests/ExtraTests/CMakeLists.txt.
22:34:20,565 root INFO target_link_libraries found Catch2::Catch2WithMain in /tmp/tmpzmtpb_de/tests/ExtraTests/CMakeLists.txt.
22:34:20,566 root INFO target_link_libraries found Catch2::Catch2WithMain in /tmp/tmpzmtpb_de/tests/ExtraTests/CMakeLists.txt.
22:34:20,567 root INFO target_link_libraries found Catch2::Catch2WithMain in /tmp/tmpzmtpb_de/tests/ExtraTests/CMakeLists.txt.
22:34:20,569 root INFO target_link_libraries found Catch2::Catch2WithMain in /tmp/tmpzmtpb_de/tests/ExtraTests/CMakeLists.txt.
22:34:20,569 root INFO target_link_libraries found Catch2::Catch2WithMain in /tmp/tmpzmtpb_de/tests/ExtraTests/CMakeLists.txt.
22:34:20,570 root INFO target_link_libraries found Catch2::Catch2WithMain in /tmp/tmpzmtpb_de/tests/ExtraTests/CMakeLists.txt.
22:34:20,570 root INFO target_link_libraries found Catch2::Catch2WithMain in /tmp/tmpzmtpb_de/tests/TestScripts/DiscoverTests/CMakeLists.txt.
22:34:20,571 root INFO target_link_libraries found Catch2::Catch2WithMain in /tmp/tmpzmtpb_de/benchmarks/CMakeLists.txt.
22:34:20,571 root INFO target_link_libraries found Catch2::Catch2WithMain in /tmp/tmpzmtpb_de/benchmarks/CMakeLists.txt.
22:34:20,573 root INFO target_link_libraries(...) to isolate test cases found.
22:34:20,574 root INFO Search for add_tests...
22:34:20,575 root INFO CMakeLists.txt with add_test(): ['/tmp/tmpzmtpb_de/tests/CMakeLists.txt', '/tmp/tmpzmtpb_de/tests/CMakeLists.txt', '/tmp/tmpzmtpb_de/tests/CMakeLists.txt', '/tmp/tmpzmtpb_de/tests/CMakeLists.txt', '/tmp/tmpzmtpb_de/tests/CMakeLists.txt', '/tmp/tmpzmtpb_de/tests/CMakeLists.txt', '/tmp/tmpzmtpb_de/tests/CMakeLists.txt', '/tmp/tmpzmtpb_de/tests/CMakeLists.txt', '/tmp/tmpzmtpb_de/tests/CMakeLists.txt', '/tmp/tmpzmtpb_de/tests/CMakeLists.txt', '/tmp/tmpzmtpb_de/tests/CMakeLists.txt', '/tmp/tmpzmtpb_de/tests/CMakeLists.txt', '/tmp/tmpzmtpb_de/tests/CMakeLists.txt', '/tmp/tmpzmtpb_de/tests/CMakeLists.txt', '/tmp/tmpzmtpb_de/tests/CMakeLists.txt', '/tmp/tmpzmtpb_de/tests/CMakeLists.txt', '/tmp/tmpzmtpb_de/tests/CMakeLists.txt', '/tmp/tmpzmtpb_de/tests/CMakeLists.txt', '/tmp/tmpzmtpb_de/tests/CMakeLists.txt', '/tmp/tmpzmtpb_de/tests/CMakeLists.txt', '/tmp/tmpzmtpb_de/tests/CMakeLists.txt', '/tmp/tmpzmtpb_de/tests/CMakeLists.txt', '/tmp/tmpzmtpb_de/tests/CMakeLists.txt', '/tmp/tmpzmtpb_de/tests/CMakeLists.txt', '/tmp/tmpzmtpb_de/tests/CMakeLists.txt', '/tmp/tmpzmtpb_de/tests/CMakeLists.txt', '/tmp/tmpzmtpb_de/tests/CMakeLists.txt', '/tmp/tmpzmtpb_de/tests/CMakeLists.txt', '/tmp/tmpzmtpb_de/tests/CMakeLists.txt', '/tmp/tmpzmtpb_de/tests/CMakeLists.txt', '/tmp/tmpzmtpb_de/tests/CMakeLists.txt', '/tmp/tmpzmtpb_de/tests/CMakeLists.txt', '/tmp/tmpzmtpb_de/tests/CMakeLists.txt', '/tmp/tmpzmtpb_de/tests/CMakeLists.txt', '/tmp/tmpzmtpb_de/tests/CMakeLists.txt', '/tmp/tmpzmtpb_de/tests/CMakeLists.txt', '/tmp/tmpzmtpb_de/tests/CMakeLists.txt', '/tmp/tmpzmtpb_de/tests/CMakeLists.txt', '/tmp/tmpzmtpb_de/tests/CMakeLists.txt', '/tmp/tmpzmtpb_de/tests/CMakeLists.txt', '/tmp/tmpzmtpb_de/tests/CMakeLists.txt', '/tmp/tmpzmtpb_de/tests/CMakeLists.txt', '/tmp/tmpzmtpb_de/tests/CMakeLists.txt', '/tmp/tmpzmtpb_de/tests/CMakeLists.txt', '/tmp/tmpzmtpb_de/tests/CMakeLists.txt', '/tmp/tmpzmtpb_de/tests/CMakeLists.txt', '/tmp/tmpzmtpb_de/tests/CMakeLists.txt', '/tmp/tmpzmtpb_de/tests/CMakeLists.txt', '/tmp/tmpzmtpb_de/tests/CMakeLists.txt', '/tmp/tmpzmtpb_de/tests/CMakeLists.txt', '/tmp/tmpzmtpb_de/tests/CMakeLists.txt', '/tmp/tmpzmtpb_de/tests/CMakeLists.txt', '/tmp/tmpzmtpb_de/tests/CMakeLists.txt', '/tmp/tmpzmtpb_de/tests/CMakeLists.txt', '/tmp/tmpzmtpb_de/tests/CMakeLists.txt', '/tmp/tmpzmtpb_de/tests/CMakeLists.txt', '/tmp/tmpzmtpb_de/tests/CMakeLists.txt', '/tmp/tmpzmtpb_de/tests/CMakeLists.txt', '/tmp/tmpzmtpb_de/tests/CMakeLists.txt', '/tmp/tmpzmtpb_de/tests/CMakeLists.txt', '/tmp/tmpzmtpb_de/tests/CMakeLists.txt', '/tmp/tmpzmtpb_de/tests/CMakeLists.txt', '/tmp/tmpzmtpb_de/tests/CMakeLists.txt', '/tmp/tmpzmtpb_de/tests/CMakeLists.txt', '/tmp/tmpzmtpb_de/tests/CMakeLists.txt', '/tmp/tmpzmtpb_de/tests/CMakeLists.txt', '/tmp/tmpzmtpb_de/tests/CMakeLists.txt', '/tmp/tmpzmtpb_de/tests/CMakeLists.txt', '/tmp/tmpzmtpb_de/tests/CMakeLists.txt', '/tmp/tmpzmtpb_de/tests/CMakeLists.txt', '/tmp/tmpzmtpb_de/tests/CMakeLists.txt', '/tmp/tmpzmtpb_de/tests/CMakeLists.txt', '/tmp/tmpzmtpb_de/tests/CMakeLists.txt', '/tmp/tmpzmtpb_de/tests/CMakeLists.txt', '/tmp/tmpzmtpb_de/tests/CMakeLists.txt', '/tmp/tmpzmtpb_de/tests/CMakeLists.txt', '/tmp/tmpzmtpb_de/tests/CMakeLists.txt', '/tmp/tmpzmtpb_de/tests/CMakeLists.txt', '/tmp/tmpzmtpb_de/tests/CMakeLists.txt', '/tmp/tmpzmtpb_de/tests/CMakeLists.txt', '/tmp/tmpzmtpb_de/tests/CMakeLists.txt', '/tmp/tmpzmtpb_de/tests/CMakeLists.txt', '/tmp/tmpzmtpb_de/tests/CMakeLists.txt', '/tmp/tmpzmtpb_de/tests/CMakeLists.txt', '/tmp/tmpzmtpb_de/tests/CMakeLists.txt', '/tmp/tmpzmtpb_de/tests/CMakeLists.txt', '/tmp/tmpzmtpb_de/tests/CMakeLists.txt', '/tmp/tmpzmtpb_de/tests/CMakeLists.txt', '/tmp/tmpzmtpb_de/tests/CMakeLists.txt', '/tmp/tmpzmtpb_de/tests/CMakeLists.txt', '/tmp/tmpzmtpb_de/tests/CMakeLists.txt', '/tmp/tmpzmtpb_de/tests/CMakeLists.txt', '/tmp/tmpzmtpb_de/tests/CMakeLists.txt', '/tmp/tmpzmtpb_de/tests/CMakeLists.txt', '/tmp/tmpzmtpb_de/tests/CMakeLists.txt', '/tmp/tmpzmtpb_de/tests/CMakeLists.txt', '/tmp/tmpzmtpb_de/tests/CMakeLists.txt', '/tmp/tmpzmtpb_de/tests/CMakeLists.txt', '/tmp/tmpzmtpb_de/tests/CMakeLists.txt', '/tmp/tmpzmtpb_de/tests/CMakeLists.txt', '/tmp/tmpzmtpb_de/tests/CMakeLists.txt', '/tmp/tmpzmtpb_de/tests/CMakeLists.txt', '/tmp/tmpzmtpb_de/tests/CMakeLists.txt', '/tmp/tmpzmtpb_de/tests/CMakeLists.txt', '/tmp/tmpzmtpb_de/tests/CMakeLists.txt', '/tmp/tmpzmtpb_de/tests/CMakeLists.txt', '/tmp/tmpzmtpb_de/tests/CMakeLists.txt', '/tmp/tmpzmtpb_de/tests/CMakeLists.txt', '/tmp/tmpzmtpb_de/tests/CMakeLists.txt', '/tmp/tmpzmtpb_de/tests/CMakeLists.txt', '/tmp/tmpzmtpb_de/tests/CMakeLists.txt', '/tmp/tmpzmtpb_de/tests/CMakeLists.txt', '/tmp/tmpzmtpb_de/tests/CMakeLists.txt', '/tmp/tmpzmtpb_de/tests/CMakeLists.txt', '/tmp/tmpzmtpb_de/tests/CMakeLists.txt', '/tmp/tmpzmtpb_de/tests/CMakeLists.txt', '/tmp/tmpzmtpb_de/tests/CMakeLists.txt', '/tmp/tmpzmtpb_de/tests/CMakeLists.txt', '/tmp/tmpzmtpb_de/tests/CMakeLists.txt', '/tmp/tmpzmtpb_de/tests/CMakeLists.txt', '/tmp/tmpzmtpb_de/tests/CMakeLists.txt', '/tmp/tmpzmtpb_de/tests/CMakeLists.txt', '/tmp/tmpzmtpb_de/tests/CMakeLists.txt', '/tmp/tmpzmtpb_de/tests/CMakeLists.txt', '/tmp/tmpzmtpb_de/tests/CMakeLists.txt', '/tmp/tmpzmtpb_de/tests/CMakeLists.txt', '/tmp/tmpzmtpb_de/tests/CMakeLists.txt', '/tmp/tmpzmtpb_de/tests/CMakeLists.txt', '/tmp/tmpzmtpb_de/tests/CMakeLists.txt', '/tmp/tmpzmtpb_de/tests/CMakeLists.txt', '/tmp/tmpzmtpb_de/tests/ExtraTests/CMakeLists.txt', '/tmp/tmpzmtpb_de/tests/ExtraTests/CMakeLists.txt', '/tmp/tmpzmtpb_de/tests/ExtraTests/CMakeLists.txt', '/tmp/tmpzmtpb_de/tests/ExtraTests/CMakeLists.txt', '/tmp/tmpzmtpb_de/tests/ExtraTests/CMakeLists.txt', '/tmp/tmpzmtpb_de/tests/ExtraTests/CMakeLists.txt', '/tmp/tmpzmtpb_de/tests/ExtraTests/CMakeLists.txt', '/tmp/tmpzmtpb_de/tests/ExtraTests/CMakeLists.txt', '/tmp/tmpzmtpb_de/tests/ExtraTests/CMakeLists.txt', '/tmp/tmpzmtpb_de/tests/ExtraTests/CMakeLists.txt', '/tmp/tmpzmtpb_de/tests/ExtraTests/CMakeLists.txt', '/tmp/tmpzmtpb_de/tests/ExtraTests/CMakeLists.txt', '/tmp/tmpzmtpb_de/tests/ExtraTests/CMakeLists.txt', '/tmp/tmpzmtpb_de/tests/ExtraTests/CMakeLists.txt', '/tmp/tmpzmtpb_de/tests/ExtraTests/CMakeLists.txt', '/tmp/tmpzmtpb_de/tests/ExtraTests/CMakeLists.txt', '/tmp/tmpzmtpb_de/tests/ExtraTests/CMakeLists.txt', '/tmp/tmpzmtpb_de/tests/ExtraTests/CMakeLists.txt', '/tmp/tmpzmtpb_de/tests/ExtraTests/CMakeLists.txt', '/tmp/tmpzmtpb_de/tests/ExtraTests/CMakeLists.txt', '/tmp/tmpzmtpb_de/tests/ExtraTests/CMakeLists.txt', '/tmp/tmpzmtpb_de/tests/ExtraTests/CMakeLists.txt', '/tmp/tmpzmtpb_de/tests/ExtraTests/CMakeLists.txt', '/tmp/tmpzmtpb_de/tests/ExtraTests/CMakeLists.txt', '/tmp/tmpzmtpb_de/tests/ExtraTests/CMakeLists.txt', '/tmp/tmpzmtpb_de/tests/ExtraTests/CMakeLists.txt', '/tmp/tmpzmtpb_de/tests/ExtraTests/CMakeLists.txt', '/tmp/tmpzmtpb_de/tests/ExtraTests/CMakeLists.txt', '/tmp/tmpzmtpb_de/tests/ExtraTests/CMakeLists.txt', '/tmp/tmpzmtpb_de/tests/ExtraTests/CMakeLists.txt', '/tmp/tmpzmtpb_de/tests/ExtraTests/CMakeLists.txt', '/tmp/tmpzmtpb_de/tests/ExtraTests/CMakeLists.txt', '/tmp/tmpzmtpb_de/tests/ExtraTests/CMakeLists.txt', '/tmp/tmpzmtpb_de/tests/ExtraTests/CMakeLists.txt', '/tmp/tmpzmtpb_de/tests/ExtraTests/CMakeLists.txt', '/tmp/tmpzmtpb_de/tests/ExtraTests/CMakeLists.txt', '/tmp/tmpzmtpb_de/tests/ExtraTests/CMakeLists.txt', '/tmp/tmpzmtpb_de/tests/ExtraTests/CMakeLists.txt', '/tmp/tmpzmtpb_de/tests/ExtraTests/CMakeLists.txt', '/tmp/tmpzmtpb_de/tests/ExtraTests/CMakeLists.txt', '/tmp/tmpzmtpb_de/tests/ExtraTests/CMakeLists.txt', '/tmp/tmpzmtpb_de/tests/ExtraTests/CMakeLists.txt', '/tmp/tmpzmtpb_de/tests/ExtraTests/CMakeLists.txt', '/tmp/tmpzmtpb_de/tests/ExtraTests/CMakeLists.txt', '/tmp/tmpzmtpb_de/tests/ExtraTests/CMakeLists.txt', '/tmp/tmpzmtpb_de/tests/ExtraTests/CMakeLists.txt', '/tmp/tmpzmtpb_de/tests/ExtraTests/CMakeLists.txt', '/tmp/tmpzmtpb_de/tests/ExtraTests/CMakeLists.txt', '/tmp/tmpzmtpb_de/tests/ExtraTests/CMakeLists.txt', '/tmp/tmpzmtpb_de/tests/ExtraTests/CMakeLists.txt', '/tmp/tmpzmtpb_de/tests/ExtraTests/CMakeLists.txt', '/tmp/tmpzmtpb_de/tests/ExtraTests/CMakeLists.txt', '/tmp/tmpzmtpb_de/tests/ExtraTests/CMakeLists.txt', '/tmp/tmpzmtpb_de/tests/ExtraTests/CMakeLists.txt', '/tmp/tmpzmtpb_de/tests/ExtraTests/CMakeLists.txt', '/tmp/tmpzmtpb_de/tests/ExtraTests/CMakeLists.txt', '/tmp/tmpzmtpb_de/tests/ExtraTests/CMakeLists.txt', '/tmp/tmpzmtpb_de/tests/ExtraTests/CMakeLists.txt', '/tmp/tmpzmtpb_de/tests/ExtraTests/CMakeLists.txt', '/tmp/tmpzmtpb_de/tests/ExtraTests/CMakeLists.txt', '/tmp/tmpzmtpb_de/tests/ExtraTests/CMakeLists.txt', '/tmp/tmpzmtpb_de/tests/ExtraTests/CMakeLists.txt', '/tmp/tmpzmtpb_de/tests/ExtraTests/CMakeLists.txt', '/tmp/tmpzmtpb_de/tests/ExtraTests/CMakeLists.txt', '/tmp/tmpzmtpb_de/tests/ExtraTests/CMakeLists.txt', '/tmp/tmpzmtpb_de/tests/ExtraTests/CMakeLists.txt', '/tmp/tmpzmtpb_de/tests/ExtraTests/CMakeLists.txt', '/tmp/tmpzmtpb_de/tests/ExtraTests/CMakeLists.txt', '/tmp/tmpzmtpb_de/tests/ExtraTests/CMakeLists.txt', '/tmp/tmpzmtpb_de/tests/ExtraTests/CMakeLists.txt', '/tmp/tmpzmtpb_de/tests/ExtraTests/CMakeLists.txt', '/tmp/tmpzmtpb_de/tests/ExtraTests/CMakeLists.txt', '/tmp/tmpzmtpb_de/tests/ExtraTests/CMakeLists.txt', '/tmp/tmpzmtpb_de/tests/ExtraTests/CMakeLists.txt', '/tmp/tmpzmtpb_de/tests/ExtraTests/CMakeLists.txt', '/tmp/tmpzmtpb_de/tests/ExtraTests/CMakeLists.txt', '/tmp/tmpzmtpb_de/tests/ExtraTests/CMakeLists.txt', '/tmp/tmpzmtpb_de/tests/ExtraTests/CMakeLists.txt', '/tmp/tmpzmtpb_de/tests/ExtraTests/CMakeLists.txt', '/tmp/tmpzmtpb_de/tests/ExtraTests/CMakeLists.txt', '/tmp/tmpzmtpb_de/tests/ExtraTests/CMakeLists.txt', '/tmp/tmpzmtpb_de/tests/ExtraTests/CMakeLists.txt', '/tmp/tmpzmtpb_de/tests/ExtraTests/CMakeLists.txt', '/tmp/tmpzmtpb_de/tests/ExtraTests/CMakeLists.txt', '/tmp/tmpzmtpb_de/tests/ExtraTests/CMakeLists.txt', '/tmp/tmpzmtpb_de/tests/ExtraTests/CMakeLists.txt', '/tmp/tmpzmtpb_de/tests/ExtraTests/CMakeLists.txt', '/tmp/tmpzmtpb_de/tests/ExtraTests/CMakeLists.txt', '/tmp/tmpzmtpb_de/tests/ExtraTests/CMakeLists.txt', '/tmp/tmpzmtpb_de/tests/ExtraTests/CMakeLists.txt'].
22:34:20,576 root INFO ctest is defined (catchorg/Catch2)
22:34:20,578 root INFO test directories: {'src/catch2/benchmark', '.conan/test_package', 'tests', 'benchmarks'}
22:34:20,579 root INFO conventional test directories {'tests'}
22:34:20,579 root INFO Searching for possible test flags...
22:34:20,582 root INFO Discovered test flags:
22:34:20,584 root INFO   - BUILD_TESTING (default=undefined): Implicit test flag used in /tmp/tmpzmtpb_de/CMakeLists.txt
22:34:20,584 root INFO   - CATCH_TEST_USE_WMAIN (default=undefined): Implicit test flag used in /tmp/tmpzmtpb_de/CMakeLists.txt
22:34:20,585 root INFO   - CATCH_BUILD_TESTING (default=undefined): Implicit test flag used in /tmp/tmpzmtpb_de/CMakeLists.txt
22:34:20,585 root INFO   - CATCH_BUILD_EXTRA_TESTS (default=undefined): Implicit test flag used in /tmp/tmpzmtpb_de/src/CMakeLists.txt
22:34:20,586 root INFO   - CATCH_ENABLE_CONFIGURE_TESTS (default=undefined): Implicit test flag used in /tmp/tmpzmtpb_de/tests/CMakeLists.txt
22:34:20,586 root INFO   - CATCH_ENABLE_CMAKE_HELPER_TESTS (default=undefined): Implicit test flag used in /tmp/tmpzmtpb_de/tests/CMakeLists.txt
22:34:20,588 root INFO Written to data/conan_isolate.txt
22:34:21,821 root INFO CMakeLists.txt and vcpkg.json at root (skypjack/entt)
22:34:24,89 root INFO Searching for enable_testing()...
22:34:24,90 root INFO CMakeLists.txt with enable_testing(): ['/tmp/tmpn1ysqzug/CMakeLists.txt', '/tmp/tmpn1ysqzug/CMakeLists.txt', '/tmp/tmpn1ysqzug/CMakeLists.txt'].
22:34:24,90 root INFO Searching for target_link_libraries to isolate test cases...
22:34:24,92 root ERROR invalid ctest (skypjack/entt)
22:34:25,689 root INFO CMakeLists.txt and vcpkg.json at root (ipkn/crow)
22:34:27,883 root INFO Searching for enable_testing()...
22:34:27,884 root INFO CMakeLists.txt with enable_testing(): ['/tmp/tmptpnxoqtp/CMakeLists.txt', '/tmp/tmptpnxoqtp/CMakeLists.txt'].
22:34:27,885 root INFO Searching for target_link_libraries to isolate test cases...
22:34:27,886 root ERROR invalid ctest (ipkn/crow)
22:34:29,563 root INFO CMakeLists.txt and vcpkg.json at root (vcmi/vcmi)
22:34:38,333 root INFO Searching for enable_testing()...
22:34:38,335 root INFO CMakeLists.txt with enable_testing(): ['/tmp/tmpvld0esm8/CMakeLists.txt', '/tmp/tmpvld0esm8/CMakeLists.txt'].
22:34:38,335 root INFO Searching for target_link_libraries to isolate test cases...
22:34:38,337 root INFO target_link_libraries found gtest in /tmp/tmpvld0esm8/test/CMakeLists.txt.
22:34:38,337 root INFO target_link_libraries found gmock in /tmp/tmpvld0esm8/test/CMakeLists.txt.
22:34:38,340 root INFO target_link_libraries(...) to isolate test cases found.
22:34:38,341 root INFO Search for add_tests...
22:34:38,342 root INFO Search for *_discover_tests...
22:34:38,343 root INFO CMakeLists.txt with *_discover_tests(): ['/tmp/tmpvld0esm8/test/CMakeLists.txt', '/tmp/tmpvld0esm8/test/CMakeLists.txt'].
22:34:38,343 root INFO ctest is defined (vcmi/vcmi)
22:34:38,357 root INFO test directories: {'test'}
22:34:38,358 root INFO conventional test directories {'test'}
22:34:38,359 root INFO Searching for possible test flags...
22:34:38,367 root INFO Discovered test flags:
22:34:38,368 root INFO   - ENABLE_TEST (default=undefined): Implicit test flag used in /tmp/tmpvld0esm8/CMakeLists.txt
22:34:38,368 root INFO   - FL_BUILD_TESTS (default=OFF): cache
22:34:38,369 root INFO   - gtest_force_shared_crt (default=ON): cache
22:34:38,373 root INFO Written to data/conan_isolate.txt
22:34:40,452 root INFO CMakeLists.txt and vcpkg.json at root (XRPLF/rippled)
22:34:44,169 root WARNING /tmp/tmp3wcuv2ds/external/ed25519-donna/CMakeLists.txt has an error: 
22:34:44,224 root INFO Searching for enable_testing()...
22:34:44,225 root INFO CMakeLists.txt with enable_testing(): ['/tmp/tmp3wcuv2ds/external/secp256k1/CMakeLists.txt', '/tmp/tmp3wcuv2ds/external/secp256k1/CMakeLists.txt', '/tmp/tmp3wcuv2ds/CMakeLists.txt'].
22:34:44,226 root INFO Searching for target_link_libraries to isolate test cases...
22:34:44,228 root INFO target_link_libraries found doctest::doctest in /tmp/tmp3wcuv2ds/src/tests/libxrpl/CMakeLists.txt.
22:34:44,229 root INFO target_link_libraries(...) to isolate test cases found.
22:34:44,229 root INFO Search for add_tests...
22:34:44,230 root INFO CMakeLists.txt with add_test(): ['/tmp/tmp3wcuv2ds/external/secp256k1/examples/CMakeLists.txt', '/tmp/tmp3wcuv2ds/external/secp256k1/examples/CMakeLists.txt', '/tmp/tmp3wcuv2ds/external/secp256k1/src/CMakeLists.txt', '/tmp/tmp3wcuv2ds/external/secp256k1/src/CMakeLists.txt', '/tmp/tmp3wcuv2ds/external/secp256k1/src/CMakeLists.txt', '/tmp/tmp3wcuv2ds/external/secp256k1/src/CMakeLists.txt', '/tmp/tmp3wcuv2ds/external/secp256k1/src/CMakeLists.txt', '/tmp/tmp3wcuv2ds/external/secp256k1/src/CMakeLists.txt'].
22:34:44,231 root INFO ctest is defined (XRPLF/rippled)
22:34:44,237 root INFO test directories: {'src/test', 'src/xrpld/perflog', 'src/tests', 'include/xrpl/beast/test', 'include/xrpl/beast/unit_test', 'tests'}
22:34:44,238 root INFO conventional test directories {'tests', 'src/test', 'src/tests'}
22:34:44,239 root INFO Searching for possible test flags...
22:34:44,241 root INFO Discovered test flags:
22:34:44,241 root INFO   - BUILD_TESTING (default=ON): Enable CTest-based testing
22:34:44,242 root INFO   - SECP256K1_BUILD_TESTS (default=undefined): Implicit test flag used in /tmp/tmp3wcuv2ds/external/secp256k1/src/CMakeLists.txt
22:34:44,243 root INFO   - SECP256K1_BUILD_EXHAUSTIVE_TESTS (default=undefined): Implicit test flag used in /tmp/tmp3wcuv2ds/external/secp256k1/src/CMakeLists.txt
22:34:44,244 root INFO   - SECP256K1_BUILD_CTIME_TESTS (default=undefined): Implicit test flag used in /tmp/tmp3wcuv2ds/external/secp256k1/src/CMakeLists.txt
22:34:44,244 root INFO   - SECP256K1_TEST_OVERRIDE_WIDE_MULTIPLY (default=undefined): Implicit test flag used in /tmp/tmp3wcuv2ds/external/secp256k1/CMakeLists.txt
22:34:44,245 root INFO   - tests (default=undefined): Implicit test flag used in /tmp/tmp3wcuv2ds/CMakeLists.txt
22:34:44,247 root INFO Written to data/conan_isolate.txt
22:34:45,926 root INFO CMakeLists.txt and vcpkg.json at root (arrayfire/arrayfire)
22:34:57,754 root INFO Searching for enable_testing()...
22:34:57,756 root INFO CMakeLists.txt with enable_testing(): ['/tmp/tmpckmbnz6l/CMakeLists.txt'].
22:34:57,756 root INFO Searching for target_link_libraries to isolate test cases...
22:34:57,758 root INFO target_link_libraries found GTest::gtest in /tmp/tmpckmbnz6l/test/CMakeLists.txt.
22:34:57,765 root INFO target_link_libraries(...) to isolate test cases found.
22:34:57,767 root INFO Search for add_tests...
22:34:57,769 root INFO CMakeLists.txt with add_test(): ['/tmp/tmpckmbnz6l/test/CMakeLists.txt', '/tmp/tmpckmbnz6l/test/CMakeLists.txt', '/tmp/tmpckmbnz6l/test/CMakeLists.txt', '/tmp/tmpckmbnz6l/test/CMakeLists.txt'].
22:34:57,769 root INFO ctest is defined (arrayfire/arrayfire)
22:34:57,781 root INFO test directories: {'examples/benchmarks', 'test'}
22:34:57,782 root INFO conventional test directories {'test'}
22:34:57,782 root INFO Searching for possible test flags...
22:34:57,794 root INFO Discovered test flags:
22:34:57,795 root INFO   - BUILD_TESTING (default=ON): Enable CTest-based testing
22:34:57,796 root INFO   - AF_CTEST_SEPARATED (default=undefined): Implicit test flag used in /tmp/tmpckmbnz6l/test/CMakeLists.txt
22:34:57,797 root INFO   - AF_SKIP_UNSUPPORTED_TESTS (default=undefined): Implicit test flag used in /tmp/tmpckmbnz6l/test/CMakeLists.txt
22:34:57,797 root INFO   - AF_TEST_WITH_MTX_FILES (default=undefined): Implicit test flag used in /tmp/tmpckmbnz6l/test/CMakeLists.txt
22:34:57,798 root INFO   - gtest_force_shared_crt (default=ON): cache
22:34:57,799 root INFO   - RELATIVE_TEST_DATA_DIR (default="${CMAKE_CURRENT_SOURCE_DIR}/data"): cache
22:34:57,800 root INFO   - BUILD_TEST (default=undefined): Implicit test flag used in /tmp/tmpckmbnz6l/CMakeLists.txt
22:34:57,801 root INFO   - GTest::gtest (default=undefined): Implicit test flag used in /tmp/tmpckmbnz6l/test/CMakeLists.txt
22:34:57,802 root INFO   - cuda_test_backends (default=undefined): Implicit test flag used in /tmp/tmpckmbnz6l/test/CMakeLists.txt
22:34:57,809 root INFO Written to data/conan_isolate.txt
22:34:59,189 root INFO CMakeLists.txt and vcpkg.json at root (ericniebler/range-v3)
22:35:06,241 root INFO Searching for enable_testing()...
22:35:06,242 root INFO CMakeLists.txt with enable_testing(): ['/tmp/tmpyrg8c8jk/CMakeLists.txt'].
22:35:06,242 root INFO Searching for target_link_libraries to isolate test cases...
22:35:06,244 root ERROR invalid ctest (ericniebler/range-v3)
22:35:08,412 root INFO CMakeLists.txt and vcpkg.json at root (google/orbit)
22:35:52,780 root INFO Searching for enable_testing()...
22:35:52,784 root INFO CMakeLists.txt with enable_testing(): ['/tmp/tmp10ixa5vy/CMakeLists.txt', '/tmp/tmp10ixa5vy/CMakeLists.txt', '/tmp/tmp10ixa5vy/third_party/libprotobuf-mutator/CMakeLists.txt', '/tmp/tmp10ixa5vy/third_party/libprotobuf-mutator/CMakeLists.txt', '/tmp/tmp10ixa5vy/third_party/abseil-cpp/CMakeLists.txt'].
22:35:52,784 root INFO Searching for target_link_libraries to isolate test cases...
22:35:52,787 root INFO target_link_libraries found GTest::gtest in /tmp/tmp10ixa5vy/src/UserSpaceInstrumentation/CMakeLists.txt.
22:35:52,788 root INFO target_link_libraries found GTest::gtest in /tmp/tmp10ixa5vy/src/QtUtils/CMakeLists.txt.
22:35:52,788 root INFO target_link_libraries found GTest::gtest in /tmp/tmp10ixa5vy/src/LinuxTracing/CMakeLists.txt.
22:35:52,789 root INFO target_link_libraries found GTest::gtest in /tmp/tmp10ixa5vy/src/MemoryTracing/CMakeLists.txt.
22:35:52,789 root INFO target_link_libraries found GTest::gtest in /tmp/tmp10ixa5vy/src/WindowsTracing/CMakeLists.txt.
22:35:52,790 root INFO target_link_libraries found GTest::gtest in /tmp/tmp10ixa5vy/src/MizarData/CMakeLists.txt.
22:35:52,790 root INFO target_link_libraries found GTest::gtest in /tmp/tmp10ixa5vy/src/MizarStatistics/CMakeLists.txt.
22:35:52,791 root INFO target_link_libraries found GTest::gtest in /tmp/tmp10ixa5vy/src/WindowsUtils/CMakeLists.txt.
22:35:52,791 root INFO target_link_libraries found GTest::gtest in /tmp/tmp10ixa5vy/src/LinuxTracingIntegrationTests/CMakeLists.txt.
22:35:52,792 root INFO target_link_libraries found GTest::gtest in /tmp/tmp10ixa5vy/src/LinuxTracingIntegrationTests/CMakeLists.txt.
22:35:52,793 root INFO target_link_libraries found GTest::gtest in /tmp/tmp10ixa5vy/src/LinuxTracingIntegrationTests/CMakeLists.txt.
22:35:52,793 root INFO target_link_libraries found GTest::gtest in /tmp/tmp10ixa5vy/src/OrbitBase/CMakeLists.txt.
22:35:52,794 root INFO target_link_libraries found GTest::gtest in /tmp/tmp10ixa5vy/src/FakeProducerSideService/CMakeLists.txt.
22:35:52,794 root INFO target_link_libraries found GTest::gtest in /tmp/tmp10ixa5vy/src/TestUtils/CMakeLists.txt.
22:35:52,795 root INFO target_link_libraries found GTest::gtest in /tmp/tmp10ixa5vy/src/OrbitVersion/CMakeLists.txt.
22:35:52,795 root INFO target_link_libraries found GTest::gtest in /tmp/tmp10ixa5vy/src/Test/CMakeLists.txt.
22:35:52,796 root INFO target_link_libraries found GTest::gtest in /tmp/tmp10ixa5vy/src/Test/CMakeLists.txt.
22:35:52,796 root INFO target_link_libraries found GTest::gtest in /tmp/tmp10ixa5vy/src/Test/CMakeLists.txt.
22:35:52,799 root INFO target_link_libraries found GTest::gmock in /tmp/tmp10ixa5vy/src/Test/CMakeLists.txt.
22:35:52,801 root INFO target_link_libraries found GTest::gmock in /tmp/tmp10ixa5vy/src/Test/CMakeLists.txt.
22:35:52,802 root INFO target_link_libraries found GTest::gmock in /tmp/tmp10ixa5vy/src/Test/CMakeLists.txt.
22:35:52,811 root INFO target_link_libraries found Qt5::Test in /tmp/tmp10ixa5vy/src/SessionSetup/CMakeLists.txt.
22:35:52,813 root INFO target_link_libraries found Qt5::Test in /tmp/tmp10ixa5vy/src/OrbitQt/CMakeLists.txt.
22:35:52,813 root INFO target_link_libraries found Qt5::Test in /tmp/tmp10ixa5vy/src/CaptureFileInfo/CMakeLists.txt.
22:35:52,814 root INFO target_link_libraries found Qt5::Test in /tmp/tmp10ixa5vy/src/QtTestUtils/CMakeLists.txt.
22:35:52,814 root INFO target_link_libraries found Qt5::Test in /tmp/tmp10ixa5vy/src/MizarModels/CMakeLists.txt.
22:35:52,815 root INFO target_link_libraries found Qt5::Test in /tmp/tmp10ixa5vy/src/SshQtTestUtils/CMakeLists.txt.
22:35:52,816 root INFO target_link_libraries found Qt5::Test in /tmp/tmp10ixa5vy/src/SourcePathsMapping/CMakeLists.txt.
22:35:52,817 root INFO target_link_libraries found Qt5::Test in /tmp/tmp10ixa5vy/src/MizarWidgets/CMakeLists.txt.
22:35:52,819 root INFO target_link_libraries(...) to isolate test cases found.
22:35:52,820 root INFO Search for add_tests...
22:35:52,821 root INFO CMakeLists.txt with add_test(): ['/tmp/tmp10ixa5vy/third_party/libprotobuf-mutator/examples/libxml2/CMakeLists.txt', '/tmp/tmp10ixa5vy/third_party/libprotobuf-mutator/examples/libxml2/CMakeLists.txt', '/tmp/tmp10ixa5vy/third_party/libprotobuf-mutator/examples/expat/CMakeLists.txt', '/tmp/tmp10ixa5vy/third_party/libprotobuf-mutator/examples/expat/CMakeLists.txt', '/tmp/tmp10ixa5vy/third_party/libprotobuf-mutator/examples/libfuzzer/CMakeLists.txt', '/tmp/tmp10ixa5vy/third_party/libprotobuf-mutator/examples/libfuzzer/CMakeLists.txt', '/tmp/tmp10ixa5vy/third_party/libprotobuf-mutator/src/CMakeLists.txt', '/tmp/tmp10ixa5vy/third_party/libprotobuf-mutator/src/CMakeLists.txt', '/tmp/tmp10ixa5vy/third_party/libprotobuf-mutator/src/libfuzzer/CMakeLists.txt', '/tmp/tmp10ixa5vy/third_party/libprotobuf-mutator/src/libfuzzer/CMakeLists.txt'].
22:35:52,822 root INFO ctest is defined (google/orbit)
22:35:52,889 root INFO test directories: {'third_party/krabsetw/krabs/krabs/testing', 'contrib/unit_test_coverage', 'src/orbittest', 'src/sessionsetup/testdata', 'src/symbolprovider/testdata', 'third_party/concurrentqueue/tests', 'src/sshqttestutils', 'third_party/libunwindstack/utils/tests', 'debian/tests', 'src/capturefile/testdata', 'src/linuxtracing/testdata', 'third_party/libunwindstack/benchmarks', 'src/clientdata/testdata', 'third_party/abseil-cpp/absl/time/internal/cctz/testdata', 'src/objectutils/testdata', 'src/codereport/testdata', 'src/sourcepathsmapping/testdata', 'src/http/testdata', 'third_party/liblog/tests', 'third_party/libunwindstack/tests', 'src/orbitbase/testdata', 'third_party/concurrentqueue/benchmarks', 'src/qttestutils', 'third_party/libprocinfo/testdata', 'contrib/automation_tests', 'src/linuxcaptureservice/testdata', 'src/processservice/testdata', 'contrib/jupyter/orbitutils/testdata', 'src/orbitsshqt/testdata', 'src/orbitssh/testdata', 'src/test', 'src/linuxtracingintegrationtests', 'src/windowsutils/testdata', 'src/testutils', 'src/capturefileinfo/testdata', 'third_party/abseil-cpp/cmake/googletest', 'src/symbols/testdata', 'src/moduleutils/testdata', 'src/orbitqt/testdata', 'src/configwidgets/testdata', 'third_party/abseil-cpp/cmake/install_test_project'}
22:35:52,890 root INFO conventional test directories {'src/test'}
22:35:52,891 root INFO Searching for possible test flags...
22:35:52,903 root INFO Discovered test flags:
22:35:52,904 root INFO   - BUILD_TESTING (default=undefined): Implicit test flag used in /tmp/tmp10ixa5vy/third_party/abseil-cpp/CMakeLists.txt
22:35:52,905 root INFO   - ABSL_BUILD_TESTING (default=undefined): Implicit test flag used in /tmp/tmp10ixa5vy/third_party/abseil-cpp/CMakeLists.txt
22:35:52,906 root INFO   - ABSL_BUILD_TEST_HELPERS (default=undefined): Implicit test flag used in /tmp/tmp10ixa5vy/third_party/abseil-cpp/CMakeLists.txt
22:35:52,906 root INFO   - ABSL_USE_EXTERNAL_GOOGLETEST (default=undefined): Implicit test flag used in /tmp/tmp10ixa5vy/third_party/abseil-cpp/CMakeLists.txt
22:35:52,907 root INFO   - ABSL_USE_GOOGLETEST_HEAD (default=undefined): Implicit test flag used in /tmp/tmp10ixa5vy/third_party/abseil-cpp/CMakeLists.txt
22:35:52,908 root INFO   - LIB_PROTO_MUTATOR_TESTING (default=undefined): Implicit test flag used in /tmp/tmp10ixa5vy/third_party/libprotobuf-mutator/src/libfuzzer/CMakeLists.txt
22:35:52,908 root INFO   - ABSL_GOOGLETEST_DOWNLOAD_URL (default=undefined): Implicit test flag used in /tmp/tmp10ixa5vy/third_party/abseil-cpp/CMakeLists.txt
22:35:52,909 root INFO   - ABSL_LOCAL_GOOGLETEST_DIR (default="/usr/src/googletest"): cache
22:35:52,910 root INFO   - GTest::Main (default=undefined): Implicit test flag used in /tmp/tmp10ixa5vy/src/Test/CMakeLists.txt
22:35:52,910 root INFO   - GTest::QtCoreMain (default=undefined): Implicit test flag used in /tmp/tmp10ixa5vy/src/Test/CMakeLists.txt
22:35:52,911 root INFO   - GTest::QtGuiMain (default=undefined): Implicit test flag used in /tmp/tmp10ixa5vy/src/Test/CMakeLists.txt
22:35:52,912 root INFO   - absl_gtest_download_url (default=undefined): Implicit test flag used in /tmp/tmp10ixa5vy/third_party/abseil-cpp/CMakeLists.txt
22:35:52,913 root INFO   - gtest (default=undefined): Implicit test flag used in /tmp/tmp10ixa5vy/third_party/abseil-cpp/CMakeLists.txt
22:35:52,913 root INFO   - ABSL_FIND_GOOGLETEST (default=undefined): Implicit test flag used in /tmp/tmp10ixa5vy/third_party/abseil-cpp/CMakeLists.txt
22:35:52,914 root INFO   - LIB_PROTO_MUTATOR_CTEST_JOBS (default=undefined): Implicit test flag used in /tmp/tmp10ixa5vy/third_party/libprotobuf-mutator/CMakeLists.txt
22:35:52,915 root INFO   - GTest::gtest (default=undefined): Implicit test flag used in /tmp/tmp10ixa5vy/third_party/abseil-cpp/CMakeLists.txt
22:35:52,931 root INFO Written to data/conan_isolate.txt
22:35:54,786 root INFO CMakeLists.txt and vcpkg.json at root (bombela/backward-cpp)
22:35:56,46 root INFO Searching for enable_testing()...
22:35:56,47 root INFO CMakeLists.txt with enable_testing(): ['/tmp/tmpw_3xx2h7/CMakeLists.txt', '/tmp/tmpw_3xx2h7/CMakeLists.txt'].
22:35:56,47 root INFO Searching for target_link_libraries to isolate test cases...
22:35:56,49 root ERROR invalid ctest (bombela/backward-cpp)
22:35:57,529 root INFO CMakeLists.txt and vcpkg.json at root (BehaviorTree/BehaviorTree.CPP)
22:36:02,739 root INFO Searching for enable_testing()...
22:36:02,740 root INFO CMakeLists.txt with enable_testing(): ['/tmp/tmpgen8j1mr/tests/CMakeLists.txt', '/tmp/tmpgen8j1mr/tests/CMakeLists.txt', '/tmp/tmpgen8j1mr/3rdparty/lexy/CMakeLists.txt', '/tmp/tmpgen8j1mr/3rdparty/lexy/CMakeLists.txt', '/tmp/tmpgen8j1mr/CMakeLists.txt'].
22:36:02,741 root INFO Searching for target_link_libraries to isolate test cases...
22:36:02,742 root INFO target_link_libraries found GTest::gtest in /tmp/tmpgen8j1mr/tests/CMakeLists.txt.
22:36:02,743 root INFO target_link_libraries found GTest::gtest_main in /tmp/tmpgen8j1mr/tests/CMakeLists.txt.
22:36:02,745 root INFO target_link_libraries(...) to isolate test cases found.
22:36:02,745 root INFO Search for add_tests...
22:36:02,746 root INFO CMakeLists.txt with add_test(): ['/tmp/tmpgen8j1mr/tests/CMakeLists.txt', '/tmp/tmpgen8j1mr/tests/CMakeLists.txt'].
22:36:02,747 root INFO ctest is defined (BehaviorTree/BehaviorTree.CPP)
22:36:02,749 root INFO test directories: {'tests', 'examples/test_files'}
22:36:02,750 root INFO conventional test directories {'tests'}
22:36:02,750 root INFO Searching for possible test flags...
22:36:02,752 root INFO Discovered test flags:
22:36:02,753 root INFO   - BUILD_TESTING (default=undefined): Implicit test flag used in /tmp/tmpgen8j1mr/CMakeLists.txt
22:36:02,754 root INFO   - LEXY_BUILD_TESTS (default=undefined): Implicit test flag used in /tmp/tmpgen8j1mr/3rdparty/lexy/CMakeLists.txt
22:36:02,756 root INFO Written to data/conan_isolate.txt
22:36:04,155 root INFO CMakeLists.txt and vcpkg.json at root (khizmax/libcds)
22:36:18,269 root INFO Searching for enable_testing()...
22:36:18,270 root INFO CMakeLists.txt with enable_testing(): ['/tmp/tmpfq52mbth/CMakeLists.txt', '/tmp/tmpfq52mbth/CMakeLists.txt'].
22:36:18,271 root INFO Searching for target_link_libraries to isolate test cases...
22:36:18,275 root ERROR invalid ctest (khizmax/libcds)
22:36:19,814 root INFO CMakeLists.txt and vcpkg.json at root (Chatterino/chatterino2)
22:36:24,700 root WARNING /tmp/tmpv6xva0ty/lib/lua/CMakeLists.txt has an error: 
22:36:24,706 root INFO Searching for enable_testing()...
22:36:24,707 root INFO CMakeLists.txt with enable_testing(): ['/tmp/tmpv6xva0ty/CMakeLists.txt', '/tmp/tmpv6xva0ty/CMakeLists.txt', '/tmp/tmpv6xva0ty/lib/twitch-eventsub-ws/CMakeLists.txt', '/tmp/tmpv6xva0ty/lib/twitch-eventsub-ws/CMakeLists.txt'].
22:36:24,708 root INFO Searching for target_link_libraries to isolate test cases...
22:36:24,709 root INFO target_link_libraries found GTest::gtest_main in /tmp/tmpv6xva0ty/lib/twitch-eventsub-ws/tests/CMakeLists.txt.
22:36:24,710 root INFO target_link_libraries found gtest in /tmp/tmpv6xva0ty/tests/CMakeLists.txt.
22:36:24,710 root INFO target_link_libraries found gmock in /tmp/tmpv6xva0ty/tests/CMakeLists.txt.
22:36:24,711 root INFO target_link_libraries found gmock in /tmp/tmpv6xva0ty/mocks/CMakeLists.txt.
22:36:24,713 root INFO target_link_libraries(...) to isolate test cases found.
22:36:24,713 root INFO Search for add_tests...
22:36:24,714 root INFO Search for *_discover_tests...
22:36:24,715 root INFO CMakeLists.txt with *_discover_tests(): ['/tmp/tmpv6xva0ty/tests/CMakeLists.txt', '/tmp/tmpv6xva0ty/tests/CMakeLists.txt', '/tmp/tmpv6xva0ty/lib/twitch-eventsub-ws/tests/CMakeLists.txt', '/tmp/tmpv6xva0ty/lib/twitch-eventsub-ws/tests/CMakeLists.txt'].
22:36:24,716 root INFO ctest is defined (Chatterino/chatterino2)
22:36:24,727 root INFO test directories: {'lib/twitch-eventsub-ws/tests', 'lib/twitch-eventsub-ws/benchmarks', 'benchmarks', 'tests', 'lib/twitch-eventsub-ws/ast/lib/tests'}
22:36:24,727 root INFO conventional test directories {'tests'}
22:36:24,728 root INFO Searching for possible test flags...
22:36:24,731 root INFO Discovered test flags:
22:36:24,732 root INFO   - BUILD_TESTS (default=undefined): Implicit test flag used in /tmp/tmpv6xva0ty/lib/twitch-eventsub-ws/CMakeLists.txt
22:36:24,733 root INFO   - CHATTERINO_TEST_USE_PUBLIC_HTTPBIN (default=undefined): Implicit test flag used in /tmp/tmpv6xva0ty/tests/CMakeLists.txt
22:36:24,733 root INFO   - gtest_force_shared_crt (default=ON): cache
22:36:24,736 root INFO Written to data/conan_isolate.txt
22:36:26,15 root INFO CMakeLists.txt and vcpkg.json at root (Dobiasd/FunctionalPlus)
22:36:27,961 root INFO Searching for enable_testing()...
22:36:27,961 root INFO CMakeLists.txt with enable_testing(): ['/tmp/tmpmhsz3ezs/test/CMakeLists.txt', '/tmp/tmpmhsz3ezs/test/CMakeLists.txt'].
22:36:27,962 root INFO Searching for target_link_libraries to isolate test cases...
22:36:27,964 root INFO target_link_libraries found doctest::doctest in /tmp/tmpmhsz3ezs/test/CMakeLists.txt.
22:36:27,965 root INFO target_link_libraries(...) to isolate test cases found.
22:36:27,965 root INFO Search for add_tests...
22:36:27,966 root INFO Search for *_discover_tests...
22:36:27,967 root INFO CMakeLists.txt with *_discover_tests(): ['/tmp/tmpmhsz3ezs/test/CMakeLists.txt', '/tmp/tmpmhsz3ezs/test/CMakeLists.txt'].
22:36:27,967 root INFO ctest is defined (Dobiasd/FunctionalPlus)
22:36:27,969 root INFO test directories: {'test'}
22:36:27,970 root INFO conventional test directories {'test'}
22:36:27,971 root INFO Searching for possible test flags...
22:36:27,972 root INFO Discovered test flags:
22:36:27,974 root INFO Written to data/conan_isolate.txt
22:36:29,883 root INFO CMakeLists.txt and vcpkg.json at root (cryfs/cryfs)
22:36:44,841 root INFO Searching for enable_testing()...
22:36:44,842 root INFO CMakeLists.txt with enable_testing(): ['/tmp/tmpjqhbityx/vendor/cryptopp/vendor_cryptopp_cmake/CMakeLists.txt', '/tmp/tmpjqhbityx/vendor/cryptopp/vendor_cryptopp_cmake/CMakeLists.txt'].
22:36:44,843 root INFO Searching for target_link_libraries to isolate test cases...
22:36:44,847 root ERROR invalid ctest (cryfs/cryfs)
22:36:46,549 root INFO CMakeLists.txt and vcpkg.json at root (CytopiaTeam/Cytopia)
22:36:48,747 root INFO Searching for enable_testing()...
22:36:48,748 root INFO CMakeLists.txt with enable_testing(): ['/tmp/tmpzx206eri/CMakeLists.txt', '/tmp/tmpzx206eri/CMakeLists.txt', '/tmp/tmpzx206eri/CMakeLists.txt'].
22:36:48,749 root INFO Searching for target_link_libraries to isolate test cases...
22:36:48,751 root ERROR invalid ctest (CytopiaTeam/Cytopia)
22:36:50,290 root INFO CMakeLists.txt and vcpkg.json at root (rwengine/openrw)
22:36:54,887 root INFO Searching for enable_testing()...
22:36:54,888 root INFO CMakeLists.txt with enable_testing(): ['/tmp/tmp_1adb75q/CMakeLists.txt', '/tmp/tmp_1adb75q/CMakeLists.txt'].
22:36:54,889 root INFO Searching for target_link_libraries to isolate test cases...
22:36:54,890 root INFO target_link_libraries found Boost::unit_test_framework in /tmp/tmp_1adb75q/tests/CMakeLists.txt.
22:36:54,891 root INFO target_link_libraries(...) to isolate test cases found.
22:36:54,892 root INFO Search for add_tests...
22:36:54,892 root INFO CMakeLists.txt with add_test(): ['/tmp/tmp_1adb75q/tests/CMakeLists.txt', '/tmp/tmp_1adb75q/tests/CMakeLists.txt', '/tmp/tmp_1adb75q/tests/CMakeLists.txt', '/tmp/tmp_1adb75q/tests/CMakeLists.txt', '/tmp/tmp_1adb75q/tests/CMakeLists.txt', '/tmp/tmp_1adb75q/tests/CMakeLists.txt'].
22:36:54,893 root INFO ctest is defined (rwengine/openrw)
22:36:54,895 root INFO test directories: {'benchmarks', 'tests', 'cmake/ctest'}
22:36:54,896 root INFO conventional test directories {'tests'}
22:36:54,896 root INFO Searching for possible test flags...
22:36:54,897 root INFO Discovered test flags:
22:36:54,898 root INFO   - BUILD_TESTS (default=undefined): Implicit test flag used in /tmp/tmp_1adb75q/CMakeLists.txt
22:36:54,899 root INFO   - TEST_COVERAGE (default=undefined): Implicit test flag used in /tmp/tmp_1adb75q/CMakeLists.txt
22:36:54,899 root INFO   - SEPARATE_TEST_SUITES (default=undefined): Implicit test flag used in /tmp/tmp_1adb75q/tests/CMakeLists.txt
22:36:54,900 root INFO   - TEST_DATA (default=undefined): Implicit test flag used in /tmp/tmp_1adb75q/tests/CMakeLists.txt
22:36:54,903 root INFO Written to data/conan_isolate.txt
22:36:56,589 root INFO CMakeLists.txt and vcpkg.json at root (alibaba/async_simple)
22:37:00,366 root INFO Searching for enable_testing()...
22:37:00,367 root INFO CMakeLists.txt with enable_testing(): ['/tmp/tmpsy4hwiz6/CMakeLists.txt', '/tmp/tmpsy4hwiz6/CMakeLists.txt'].
22:37:00,367 root INFO Searching for target_link_libraries to isolate test cases...
22:37:00,368 root ERROR invalid ctest (alibaba/async_simple)
22:37:01,749 root INFO CMakeLists.txt and vcpkg.json at root (skypjack/uvw)
22:37:03,867 root INFO Searching for enable_testing()...
22:37:03,868 root INFO CMakeLists.txt with enable_testing(): ['/tmp/tmpue3v0z1a/CMakeLists.txt', '/tmp/tmpue3v0z1a/CMakeLists.txt'].
22:37:03,869 root INFO Searching for target_link_libraries to isolate test cases...
22:37:03,870 root ERROR invalid ctest (skypjack/uvw)
22:37:05,576 root INFO CMakeLists.txt and vcpkg.json at root (Ultimaker/CuraEngine)
22:37:07,765 root INFO Searching for enable_testing()...
22:37:07,766 root INFO CMakeLists.txt with enable_testing(): ['/tmp/tmpjqt6ded4/CMakeLists.txt', '/tmp/tmpjqt6ded4/CMakeLists.txt'].
22:37:07,767 root INFO Searching for target_link_libraries to isolate test cases...
22:37:07,768 root INFO target_link_libraries found GTest::gtest in /tmp/tmpjqt6ded4/CMakeLists.txt.
22:37:07,768 root INFO target_link_libraries found GTest::gtest in /tmp/tmpjqt6ded4/tests/CMakeLists.txt.
22:37:07,769 root INFO target_link_libraries found GTest::gtest in /tmp/tmpjqt6ded4/tests/CMakeLists.txt.
22:37:07,770 root INFO target_link_libraries found GTest::gtest in /tmp/tmpjqt6ded4/tests/CMakeLists.txt.
22:37:07,770 root INFO target_link_libraries found GTest::gtest in /tmp/tmpjqt6ded4/tests/CMakeLists.txt.
22:37:07,771 root INFO target_link_libraries found GTest::gtest in /tmp/tmpjqt6ded4/tests/CMakeLists.txt.
22:37:07,772 root INFO target_link_libraries found GTest::gmock in /tmp/tmpjqt6ded4/CMakeLists.txt.
22:37:07,773 root INFO target_link_libraries found GTest::gmock in /tmp/tmpjqt6ded4/tests/CMakeLists.txt.
22:37:07,774 root INFO target_link_libraries found GTest::gmock in /tmp/tmpjqt6ded4/tests/CMakeLists.txt.
22:37:07,775 root INFO target_link_libraries found GTest::gmock in /tmp/tmpjqt6ded4/tests/CMakeLists.txt.
22:37:07,776 root INFO target_link_libraries found GTest::gmock in /tmp/tmpjqt6ded4/tests/CMakeLists.txt.
22:37:07,777 root INFO target_link_libraries found GTest::gmock in /tmp/tmpjqt6ded4/tests/CMakeLists.txt.
22:37:07,781 root INFO target_link_libraries(...) to isolate test cases found.
22:37:07,782 root INFO Search for add_tests...
22:37:07,783 root INFO CMakeLists.txt with add_test(): ['/tmp/tmpjqt6ded4/tests/CMakeLists.txt', '/tmp/tmpjqt6ded4/tests/CMakeLists.txt', '/tmp/tmpjqt6ded4/tests/CMakeLists.txt', '/tmp/tmpjqt6ded4/tests/CMakeLists.txt', '/tmp/tmpjqt6ded4/tests/CMakeLists.txt', '/tmp/tmpjqt6ded4/tests/CMakeLists.txt', '/tmp/tmpjqt6ded4/tests/CMakeLists.txt', '/tmp/tmpjqt6ded4/tests/CMakeLists.txt', '/tmp/tmpjqt6ded4/tests/CMakeLists.txt', '/tmp/tmpjqt6ded4/tests/CMakeLists.txt'].
22:37:07,784 root INFO ctest is defined (Ultimaker/CuraEngine)
22:37:07,789 root INFO test directories: {'tests', 'test_package', 'stress_benchmark', 'benchmark'}
22:37:07,790 root INFO conventional test directories {'tests', 'benchmark'}
22:37:07,791 root INFO Searching for possible test flags...
22:37:07,794 root INFO Discovered test flags:
22:37:07,795 root INFO   - ENABLE_TESTING (default=undefined): Implicit test flag used in /tmp/tmpjqt6ded4/CMakeLists.txt
22:37:07,798 root INFO Written to data/conan_isolate.txt
22:37:09,299 root INFO CMakeLists.txt and vcpkg.json at root (foonathan/type_safe)
22:37:12,366 root INFO Searching for enable_testing()...
22:37:12,367 root INFO CMakeLists.txt with enable_testing(): ['/tmp/tmp09e60uxw/CMakeLists.txt', '/tmp/tmp09e60uxw/CMakeLists.txt'].
22:37:12,368 root INFO Searching for target_link_libraries to isolate test cases...
22:37:12,369 root ERROR invalid ctest (foonathan/type_safe)
22:37:14,335 root INFO CMakeLists.txt and vcpkg.json at root (getml/reflect-cpp)
22:37:21,862 root INFO Searching for enable_testing()...
22:37:21,864 root INFO CMakeLists.txt with enable_testing(): ['/tmp/tmp7g5t6y03/CMakeLists.txt', '/tmp/tmp7g5t6y03/CMakeLists.txt'].
22:37:21,865 root INFO Searching for target_link_libraries to isolate test cases...
22:37:21,869 root ERROR invalid ctest (getml/reflect-cpp)
22:37:23,251 root INFO CMakeLists.txt and vcpkg.json at root (Taywee/args)
22:37:24,619 root INFO Searching for enable_testing()...
22:37:24,621 root INFO CMakeLists.txt with enable_testing(): ['/tmp/tmpo273z_5e/CMakeLists.txt', '/tmp/tmpo273z_5e/CMakeLists.txt'].
22:37:24,622 root INFO Searching for target_link_libraries to isolate test cases...
22:37:24,624 root ERROR invalid ctest (Taywee/args)
22:37:26,17 root INFO CMakeLists.txt and vcpkg.json at root (agauniyal/rang)
22:37:27,365 root INFO Searching for enable_testing()...
22:37:27,366 root INFO CMakeLists.txt with enable_testing(): ['/tmp/tmpolhmn7oo/test/CMakeLists.txt', '/tmp/tmpolhmn7oo/test/CMakeLists.txt'].
22:37:27,366 root INFO Searching for target_link_libraries to isolate test cases...
22:37:27,367 root INFO target_link_libraries found doctest::doctest in /tmp/tmpolhmn7oo/test/CMakeLists.txt.
22:37:27,368 root INFO target_link_libraries(...) to isolate test cases found.
22:37:27,368 root INFO Search for add_tests...
22:37:27,369 root INFO CMakeLists.txt with add_test(): ['/tmp/tmpolhmn7oo/test/CMakeLists.txt', '/tmp/tmpolhmn7oo/test/CMakeLists.txt'].
22:37:27,370 root INFO ctest is defined (agauniyal/rang)
22:37:27,371 root INFO test directories: {'test_package', 'test'}
22:37:27,371 root INFO conventional test directories {'test'}
22:37:27,372 root INFO Searching for possible test flags...
22:37:27,373 root INFO Discovered test flags:
22:37:27,374 root INFO   - doctest_DIR (default=""): cache
22:37:27,376 root INFO Written to data/conan_isolate.txt
22:37:28,884 root INFO CMakeLists.txt and vcpkg.json at root (shadowsocks/libQtShadowsocks)
22:37:32,530 root INFO Searching for enable_testing()...
22:37:32,531 root INFO CMakeLists.txt with enable_testing(): ['/tmp/tmpq1t41cys/CMakeLists.txt', '/tmp/tmpq1t41cys/CMakeLists.txt'].
22:37:32,532 root INFO Searching for target_link_libraries to isolate test cases...
22:37:32,534 root INFO target_link_libraries found Qt5::Test in /tmp/tmpq1t41cys/test/CMakeLists.txt.
22:37:32,535 root INFO target_link_libraries(...) to isolate test cases found.
22:37:32,535 root INFO Search for add_tests...
22:37:32,536 root INFO CMakeLists.txt with add_test(): ['/tmp/tmpq1t41cys/test/CMakeLists.txt', '/tmp/tmpq1t41cys/test/CMakeLists.txt'].
22:37:32,537 root INFO ctest is defined (shadowsocks/libQtShadowsocks)
22:37:32,538 root INFO test directories: {'test'}
22:37:32,539 root INFO conventional test directories {'test'}
22:37:32,540 root INFO Searching for possible test flags...
22:37:32,542 root INFO Discovered test flags:
22:37:32,543 root INFO   - Qt5Test_FOUND (default=undefined): Implicit test flag used in /tmp/tmpq1t41cys/CMakeLists.txt
22:37:32,546 root INFO Written to data/conan_isolate.txt
22:37:34,96 root INFO CMakeLists.txt and vcpkg.json at root (boost-ext/sml)
22:37:39,15 root INFO Searching for enable_testing()...
22:37:39,15 root INFO CMakeLists.txt with enable_testing(): ['/tmp/tmpicln2f3a/CMakeLists.txt'].
22:37:39,16 root INFO Searching for target_link_libraries to isolate test cases...
22:37:39,17 root ERROR invalid ctest (boost-ext/sml)
22:37:40,637 root INFO CMakeLists.txt and vcpkg.json at root (brainboxdotcc/DPP)
22:37:45,661 root INFO Searching for enable_testing()...
22:37:45,663 root INFO CMakeLists.txt with enable_testing(): ['/tmp/tmprhpns53j/CMakeLists.txt', '/tmp/tmprhpns53j/CMakeLists.txt', '/tmp/tmprhpns53j/CMakeLists.txt', '/tmp/tmprhpns53j/CMakeLists.txt', '/tmp/tmprhpns53j/CMakeLists.txt', '/tmp/tmprhpns53j/CMakeLists.txt', '/tmp/tmprhpns53j/library/CMakeLists.txt', '/tmp/tmprhpns53j/library/CMakeLists.txt'].
22:37:45,663 root INFO Searching for target_link_libraries to isolate test cases...
22:37:45,666 root ERROR invalid ctest (brainboxdotcc/DPP)
22:37:47,15 root INFO CMakeLists.txt and vcpkg.json at root (mpusz/mp-units)
22:37:51,782 root WARNING /tmp/tmpllzhuk1m/docs/api_reference/src/CMakeLists.txt has an error: 
22:37:51,800 root INFO Searching for enable_testing()...
22:37:51,801 root INFO CMakeLists.txt with enable_testing(): ['/tmp/tmpllzhuk1m/CMakeLists.txt', '/tmp/tmpllzhuk1m/CMakeLists.txt'].
22:37:51,802 root INFO Searching for target_link_libraries to isolate test cases...
22:37:51,803 root INFO target_link_libraries found Catch2::Catch2WithMain in /tmp/tmpllzhuk1m/test/runtime/CMakeLists.txt.
22:37:51,804 root INFO target_link_libraries(...) to isolate test cases found.
22:37:51,805 root INFO Search for add_tests...
22:37:51,805 root INFO Search for *_discover_tests...
22:37:51,806 root INFO CMakeLists.txt with *_discover_tests(): ['/tmp/tmpllzhuk1m/test/runtime/CMakeLists.txt', '/tmp/tmpllzhuk1m/test/runtime/CMakeLists.txt'].
22:37:51,807 root INFO ctest is defined (mpusz/mp-units)
22:37:51,809 root INFO test directories: {'test_package', 'test'}
22:37:51,809 root INFO conventional test directories {'test'}
22:37:51,809 root INFO Searching for possible test flags...
22:37:51,811 root INFO Discovered test flags:
22:37:51,814 root INFO Written to data/conan_isolate.txt
22:37:53,155 root INFO CMakeLists.txt and vcpkg.json at root (vector-of-bool/pitchfork)
22:37:58,957 root INFO Searching for enable_testing()...
22:37:58,958 root INFO CMakeLists.txt with enable_testing(): ['/tmp/tmp841hmoy3/tests/expected/simple-cmake/CMakeLists.txt', '/tmp/tmp841hmoy3/tests/expected/simple-cmake/CMakeLists.txt'].
22:37:58,959 root INFO Searching for target_link_libraries to isolate test cases...
22:37:58,960 root INFO target_link_libraries found Catch2::Catch2 in /tmp/tmp841hmoy3/tests/CMakeLists.txt.
22:37:58,961 root INFO target_link_libraries(...) to isolate test cases found.
22:37:58,961 root INFO Search for add_tests...
22:37:58,962 root INFO CMakeLists.txt with add_test(): ['/tmp/tmp841hmoy3/tests/CMakeLists.txt', '/tmp/tmp841hmoy3/tests/CMakeLists.txt'].
22:37:58,962 root INFO ctest is defined (vector-of-bool/pitchfork)
22:37:58,964 root INFO test directories: {'extras/pf_conan/test_package', 'tests', 'extras/vscode-pitchfork/src/test'}
22:37:58,965 root INFO conventional test directories {'tests'}
22:37:58,966 root INFO Searching for possible test flags...
22:37:58,967 root INFO Discovered test flags:
22:37:58,968 root INFO   - PF_FORCE_TESTS_COLOR (default=OFF): "Force colored output in tests"
22:37:58,969 root INFO   - BUILD_TESTING (default=undefined): Implicit test flag used in /tmp/tmp841hmoy3/tests/expected/simple-cmake/CMakeLists.txt
22:37:58,972 root INFO Written to data/conan_isolate.txt
22:38:00,531 root INFO CMakeLists.txt and vcpkg.json at root (eBay/NuRaft)
22:38:02,221 root INFO Searching for enable_testing()...
22:38:02,222 root INFO CMakeLists.txt with enable_testing(): ['/tmp/tmpo2bfi8wz/CMakeLists.txt'].
22:38:02,222 root INFO Searching for target_link_libraries to isolate test cases...
22:38:02,224 root ERROR invalid ctest (eBay/NuRaft)
22:38:02,226 root INFO Final Counter: Counter({'tests': 7, 'test': 6, 'benchmarks': 3, 'test_package': 3, 'src/test': 2, 'src/catch2/benchmark': 1, '.conan/test_package': 1, 'src/xrpld/perflog': 1, 'src/tests': 1, 'include/xrpl/beast/test': 1, 'include/xrpl/beast/unit_test': 1, 'examples/benchmarks': 1, 'third_party/krabsetw/krabs/krabs/testing': 1, 'contrib/unit_test_coverage': 1, 'src/orbittest': 1, 'src/sessionsetup/testdata': 1, 'src/symbolprovider/testdata': 1, 'third_party/concurrentqueue/tests': 1, 'src/sshqttestutils': 1, 'third_party/libunwindstack/utils/tests': 1, 'debian/tests': 1, 'src/capturefile/testdata': 1, 'src/linuxtracing/testdata': 1, 'third_party/libunwindstack/benchmarks': 1, 'src/clientdata/testdata': 1, 'third_party/abseil-cpp/absl/time/internal/cctz/testdata': 1, 'src/objectutils/testdata': 1, 'src/codereport/testdata': 1, 'src/sourcepathsmapping/testdata': 1, 'src/http/testdata': 1, 'third_party/liblog/tests': 1, 'third_party/libunwindstack/tests': 1, 'src/orbitbase/testdata': 1, 'third_party/concurrentqueue/benchmarks': 1, 'src/qttestutils': 1, 'third_party/libprocinfo/testdata': 1, 'contrib/automation_tests': 1, 'src/linuxcaptureservice/testdata': 1, 'src/processservice/testdata': 1, 'contrib/jupyter/orbitutils/testdata': 1, 'src/orbitsshqt/testdata': 1, 'src/orbitssh/testdata': 1, 'src/linuxtracingintegrationtests': 1, 'src/windowsutils/testdata': 1, 'src/testutils': 1, 'src/capturefileinfo/testdata': 1, 'third_party/abseil-cpp/cmake/googletest': 1, 'src/symbols/testdata': 1, 'src/moduleutils/testdata': 1, 'src/orbitqt/testdata': 1, 'src/configwidgets/testdata': 1, 'third_party/abseil-cpp/cmake/install_test_project': 1, 'examples/test_files': 1, 'lib/twitch-eventsub-ws/tests': 1, 'lib/twitch-eventsub-ws/benchmarks': 1, 'lib/twitch-eventsub-ws/ast/lib/tests': 1, 'cmake/ctest': 1, 'stress_benchmark': 1, 'benchmark': 1, 'extras/pf_conan/test_package': 1, 'extras/vscode-pitchfork/src/test': 1})
22:38:02,227 root INFO Final Flags: Counter()
22:38:02,228 root INFO Final Package Managers: Counter()
22:38:02,229 root INFO Final Package Files: Counter()
22:38:02,230 root INFO Final Dependencies: Counter()
